
23.01.2020 13:57:38  Processing: ITV 2.0

Channel: 1HD Music Television
 Ch: 1HD Music Television -> 1HD
 GrCh: Музыка
Channel: 2х2
 Ch: 2Х2 -> 2х2
 GrCh: Развлекательные
Channel: 360
 Ch: 360 -> 360°
 GrCh: Развлекательные
Channel: 360 Новости
 Ch: 360 Новости -> 360° Новости
 GrCh: Новостные
Channel: Пятый канал
 Ch: Пятый Канал -> Пятый канал
 GrCh: Общественные
Channel: A1
 Ch: a1 -> A1
 GrCh: Фильмы
Channel: A1 HD
 Ch: a1 HD -> A1 HD
 GrCh: Фильмы
Channel: A2 ПРО ЛЮБОВЬ
 Ch: А2 Про любовь -> A2
 GrCh: Фильмы
Channel: AMEDIA Hit
 Ch: AMEDIA HIT -> Amedia Hit
 GrCh: Фильмы
Channel: Amedia Premium
 GrCh: Фильмы
Channel: Animal Planet
 Ch: ANIMAL PLANET -> Animal Planet
 GrCh: Познавательные
Channel: Animal Planet HD
 GrCh: Познавательные
Channel: BBC World News
 GrCh: Новостные
Channel: BRIDGE TV CLASSIC
 Ch: Bridge TV Classic -> BRIDGE TV CLASSIC
 GrCh: Музыка
Channel: BRIDGE TV DELUXE
 Ch: BRIDGE TV DELUXE -> BRIDGE TV DELUXE HD
 GrCh: Музыка
Channel: BRIDGE TV РУССКИЙ ХИТ
 Ch: Bridge TV Русский хит -> BRIDGE TV РУССКИЙ ХИТ
 GrCh: Музыка
Channel: Babes TV HD
 GrCh: Эротика
Channel: Baby TV
 GrCh: Детские
Channel: Bollywood HD
 GrCh: Фильмы
Channel: Boomerang
 GrCh: Детские
Channel: Brazzers TV Europe
 GrCh: Эротика
Channel: Bridge TV
 Ch: Bridge TV -> BRIDGE TV
 GrCh: Музыка
Channel: CNN International
 GrCh: Новостные
Channel: Cartoon Network
 Ch: CARTOON NETWORK -> Cartoon Network
 GrCh: Детские
Channel: Cartoon Network HD
 GrCh: Детские
Channel: DTX HD
 Ch: DTX HD -> DTX HD
 GrCh: Познавательные
Channel: DW-TV
 Ch: DW-TV -> Deutsche Welle
 GrCh: Новостные
Channel: Da Vinci
 Ch: Da Vinci -> Da Vinci Learning
 GrCh: Познавательные
Channel: Discovery Channel
 Ch: Discovery channel -> Discovery Channel
 GrCh: Познавательные
Channel: Discovery Channel HD
 GrCh: Познавательные
Channel: Discovery Science HD
 GrCh: Познавательные
Channel: Eurosport 1
 GrCh: Спорт
Channel: Eurosport 1 HD
 GrCh: Спорт
Channel: Eurosport 2
 GrCh: Спорт
Channel: Eurosport Gold
 GrCh: Спорт
Channel: Extreme Sports
 Ch: Extreme sports -> Extreme Sports
 GrCh: Спорт
Channel: FAN HD
 Ch: Fan HD -> FAN HD
 GrCh: Фильмы
Channel: FOX
 Ch: Fox -> FOX
 GrCh: Фильмы
Channel: FOX HD
 Ch: Fox HD -> FOX HD
 GrCh: Фильмы
Channel: Food Network HD
 GrCh: Познавательные
Channel: Fox Life
 Ch: Fox life -> FOX Life
 GrCh: Фильмы
Channel: Fox Life HD
 Ch: Fox Life HD -> FOX Life HD
 GrCh: Фильмы
Channel: France 24
 GrCh: Новостные
Channel: Gulli Girl
 GrCh: Детские
Channel: H2 HD
 GrCh: Познавательные
Channel: History
 Ch: HISTORY -> History
 GrCh: Познавательные
Channel: History HD
 Ch: History HD -> History HD
 GrCh: Познавательные
Channel: ID Investigation Discovery
 GrCh: Познавательные
Channel: ID Investigation Discovery HD
 GrCh: Познавательные
Channel: JimJam
 Ch: JIMJAM -> JimJam
 GrCh: Детские
Channel: M-1 Global
 GrCh: Спорт
Channel: MCM TOP
 Ch: MCM TOP -> MCM Top
 GrCh: Музыка
Channel: MTV Russia
 GrCh: Музыка
Channel: MTV Dance
 Ch: MTV DANCE -> MTV Dance
 GrCh: Музыка
Channel: MTV Hits
 Ch: MTV HITS -> MTV Hits
 GrCh: Музыка
Channel: MTV Live HD
 Ch: MTV LIVE HD -> MTV Live HD
 GrCh: Музыка
Channel: MTV Rocks
 Ch: MTV ROCKS -> MTV Rocks
 GrCh: Музыка
Channel: MUSICBOX
 Ch: MusicBOX -> MUSICBOX
 GrCh: Музыка
Channel: Mezzo
 GrCh: Музыка
Channel: Mezzo Live HD
 GrCh: Музыка
Channel: My Zen TV HD
 Ch: My Zen TV HD -> myZen.tv HD
 GrCh: Познавательные
Channel: NHK WORLD-JAPAN
 Ch: NHK WORLD-JAPAN -> NHK World Japan
 GrCh: Познавательные
Channel: Nat Geo Wild
 Ch: Nat Geo Wild -> Nat Geo Wild
 GrCh: Познавательные
Channel: Nat Geo Wild HD
 Ch: NAT GEO WILD HD -> Nat Geo Wild HD
 GrCh: HD каналы
Channel: National Geographic
 Ch: National geographic -> National Geographic
 GrCh: Познавательные
Channel: National Geographic HD
 GrCh: Познавательные
Channel: Nick Jr
 Ch: Nick Jr -> Nick Jr.
 GrCh: Детские
Channel: Nickelodeon
 Ch: nickelodeon -> Nickelodeon
 GrCh: Детские
Channel: Nickelodeon HD
 Ch: nickelodeon HD -> Nickelodeon HD
 GrCh: Детские
Channel: Paramount Channel
 GrCh: Фильмы
Channel: Paramount Channel HD
 GrCh: Фильмы
Channel: Paramount Comedy
 Ch: Paramount comedy -> Paramount Comedy
 GrCh: Фильмы
Channel: Paramount Comedy HD
 GrCh: Фильмы
Channel: RTG HD
 GrCh: Развлекательные
Channel: RTTV HD
 Ch: RTTV HD -> RTД HD
 GrCh: Информационные
Channel: RTД
 GrCh: Информационные
Channel: RU.TV HD
 Ch: RU.TV HD -> RU TV HD
Channel: RUSSIAN MUSICBOX HD
 GrCh: Музыка
Channel: Russian Extreme Ultra
 Ch: Russian Extreme Ultra -> Russian Extreme Ultra HD
 GrCh: Ultra HD каналы
Channel: SHOT TV
 GrCh: Эротика
Channel: Shop24
 Ch: Shop24 -> Shop 24
 GrCh: Магазин
Channel: Shopping live
 GrCh: Магазин
Channel: Sony Channel
 GrCh: Фильмы
Channel: Sony Channel HD
 GrCh: Фильмы
Channel: Sony Sci-Fi
 Ch: SONY SCI-FI -> Sony Sci-Fi
 GrCh: Фильмы
Channel: Sony Turbo
 Ch: sony turbo -> Sony Turbo
 GrCh: Фильмы
Channel: Star Cinema (Россия)
 Ch local: Star Cinema (Россия) -> Star Cinema HD
Channel: Star Family (Россия)
 Ch: Star Family (Россия) -> Star Family
 GrCh: Фильмы
Channel: TLC
 GrCh: Познавательные
Channel: TLC HD
 GrCh: Познавательные
Channel: TV 1000
 Ch: TV 1000 -> TV1000
 GrCh: Фильмы
Channel: TV 1000 Action
 Ch: TV 1000 Action -> TV1000 Action
 GrCh: Фильмы
Channel: TV 1000 Action HD
 Ch: TV 1000 Action HD -> TV1000 Action HD
Channel: TV 1000 HD
 Ch: TV 1000 HD -> TV1000 HD
Channel: TV 1000 Русское кино
 Ch: TV 1000 Русское кино -> TV1000 Русское кино
 GrCh: Фильмы
Channel: TV 1000 Русское кино HD
 Ch: TV 1000 Русское кино HD -> TV1000 Русское кино HD
Channel: TV XXI Век
 Ch: TV XXI Век -> TV XXI
 GrCh: Фильмы
Channel: TV5 Monde HD
 Ch: TV5 Monde HD -> TV5Monde HD
Channel: Tiji
 Ch: TiJi -> Tiji
 GrCh: Детские
Channel: Travel Channel
 GrCh: Познавательные
Channel: Travel and Adventure HD
 Ch: Travel and Adventure HD -> Travel+ Adventure HD
 GrCh: Познавательные
Channel: VH1 Classic
 Ch: VH1 CLASSIC -> VH1 Classic
 GrCh: Музыка
Channel: VH1 European
 GrCh: Музыка
Channel: ViP Comedy
 GrCh: Фильмы
Channel: ViP Megahit
 GrCh: Фильмы
Channel: ViP Premiere
 GrCh: Фильмы
Channel: Viasat Explore
 GrCh: Познавательные
Channel: Viasat History
 GrCh: Познавательные
Channel: Viasat History HD
 GrCh: Познавательные
Channel: Viasat Nature
 Ch: Viasat nature -> Viasat Nature
 GrCh: Познавательные
Channel: Viasat Nature HD
 GrCh: Познавательные
Channel: Viasat Nature HD/History HD
 Ch: Viasat Nature HD/History HD -> Viasat Nature/History HD
 GrCh: Познавательные
Channel: Viasat Sport
 GrCh: Спорт
Channel: Viasat Sport HD
 GrCh: Спорт
Channel: WORLD FASHION CHANNEL HD
 GrCh: Развлекательные
Channel: Zee TV
 GrCh: Фильмы
Channel: ZooПарк
 Ch: Зоопарк -> Zooпарк
 GrCh: Познавательные
Channel: iConcerts HD
 Ch: iConcerts HD -> Stingray iConcerts HD
 GrCh: Музыка
Channel: Авто Плюс
 Ch: Авто Плюс -> Авто плюс
 GrCh: Мужские
Channel: Анекдот ТВ
 GrCh: Развлекательные
Channel: БелРос
 GrCh: Общественные
Channel: Беларусь 24
 Ch: БЕЛАРУСЬ 24 -> Беларусь 24
 GrCh: Общественные
Channel: Бобёр
 GrCh: Познавательные
Channel: Большая Азия HD
 GrCh: Познавательные
Channel: В гостях у сказки
 GrCh: Фильмы
Channel: ВМЕСТЕ-РФ
 GrCh: Информационные
Channel: Восток ТВ
 GrCh: Музыка
Channel: Время
 GrCh: Общественные
Channel: Всё ТВ
 GrCh: Информационные
Channel: Детский Мир
 GrCh: Детские
Channel: Дикий
 GrCh: Познавательные
Channel: Москва. Доверие (Москва)
 Ch: Москва. Доверие (Москва) -> Москва. Доверие
 GrCh: Региональные
Channel: Дом Кино
 Ch: Дом Кино -> Дом кино
 GrCh: Фильмы
Channel: Домашний
 GrCh: Общественные
Channel: Дорама
 GrCh: Фильмы
Channel: Драйв
 GrCh: Мужские
Channel: Евроновости
 GrCh: Новостные
Channel: Еда
 Ch: ЕДА -> Еда
 GrCh: Познавательные
Channel: ЖИВИ!
 Ch: ЖИВИ! -> Живи!
 GrCh: Развлекательные
Channel: Жар Птица
 Ch: Жар Птица -> Жар птица
 GrCh: Музыка
Channel: Живая Планета
 Ch: Живая Планета -> Живая планета
 GrCh: Познавательные
Channel: Звезда
 Ch: ЗВЕЗДА -> Звезда
 GrCh: Общественные
Channel: Здоровое ТВ
 GrCh: Познавательные
Channel: Иллюзион +
 Ch: Иллюзион + -> Иллюзион+
 GrCh: Фильмы
Channel: История
 GrCh: Познавательные
Channel: КВН ТВ
 GrCh: Развлекательные
Channel: КИНОКОМЕДИЯ
 Ch: КИНОКОМЕДИЯ -> Кинокомедия
 GrCh: Фильмы
Channel: КИНОМИКС
 Ch: КИНОМИКС -> Киномикс
 GrCh: Фильмы
Channel: КИНОПРЕМЬЕРА
 Ch: Кинопремьера -> Кинопремьера HD
 GrCh: Фильмы
Channel: КИНОСВИДАНИЕ
 Ch: КИНОСВИДАНИЕ -> Киносвидание
 GrCh: Фильмы
Channel: КИНОСЕМЬЯ
 Ch: КИНОСЕМЬЯ -> Киносемья
 GrCh: Фильмы
Channel: КИНОХИТ
 Ch: КИНОХИТ -> Кинохит
 GrCh: Фильмы
Channel: КХЛ
 Ch: КХЛ -> КХЛ
 GrCh: Спорт
Channel: КХЛ HD
 GrCh: Спорт
Channel: Калейдоскоп ТВ
 GrCh: Развлекательные
Channel: Disney
 Ch: Disney -> Disney Channel
 GrCh: Детские
Channel: Карусель
 GrCh: Детские
Channel: Кино ТВ
 Ch: Кино ТВ -> КИНО ТВ
 GrCh: Фильмы
Channel: Кино ТВ HD
 Ch: Кино ТВ HD -> КИНО ТВ HD
 GrCh: Фильмы
Channel: Комедия
 GrCh: Фильмы
Channel: Кухня ТВ
 GrCh: Познавательные
Channel: ЛДПР ТВ
 GrCh: Общественные
Channel: Любимое Кино
 Ch: Любимое кино -> Наше любимое кино
 GrCh: Фильмы
Channel: Ля-минор
 Ch: Ля-минор -> Ля минор
 GrCh: Музыка
Channel: МАМА
 Ch: МАМА -> Мама
 GrCh: Детские
Channel: МАТЧ! АРЕНА HD
 Ch: МАТЧ! АРЕНА HD -> Матч! Арена HD
 GrCh: Спорт
Channel: МАТЧ! БОЕЦ
 Ch: МАТЧ! БОЕЦ -> Матч! Боец
 GrCh: Спорт
Channel: МАТЧ! ИГРА HD
 Ch: МАТЧ! ИГРА HD -> Матч! Игра HD
 GrCh: Спорт
Channel: МАТЧ! ПРЕМЬЕР
 Ch: Матч! Премьер -> Матч Премьер
 GrCh: Спорт
Channel: МАТЧ! ФУТБОЛ 1
 Ch: МАТЧ! Футбол 1 -> Матч! Футбол 1
 GrCh: Спорт
Channel: МАТЧ! ФУТБОЛ 2
 Ch: МАТЧ! Футбол 2 -> Матч! Футбол 2
 GrCh: Спорт
Channel: МАТЧ! ФУТБОЛ 3
 Ch: МАТЧ! Футбол 3 -> Матч! Футбол 3
 GrCh: Спорт
Channel: МИР PREMIUM
 GrCh: Фильмы
Channel: МУЖСКОЕ КИНО
 Ch: Мужское Кино -> Мужское кино
 GrCh: Фильмы
Channel: Матч ТВ
 GrCh: Спорт
Channel: Матч ТВ HD
 Ch: Матч ТВ HD -> Матч ТВ HD
 GrCh: Спорт
Channel: Матч! Страна
 GrCh: Спорт
Channel: Мир
 Ch: МИР -> Мир
 GrCh: Общественные
Channel: Мир 24
 Ch: МИР 24 -> Мир 24
 GrCh: Новостные
Channel: Мир сериала
 Ch: Мир Сериала -> Мир сериала
 GrCh: Фильмы
Channel: Москва 24
 GrCh: Общественные
Channel: Моя планета
 Ch: Моя Планета -> Моя планета
 GrCh: Познавательные
Channel: Муз ТВ
 Ch: Муз TV -> Муз ТВ
 GrCh: Музыка
Channel: Музыка Первого
 GrCh: Музыка
Channel: Мульт
 Ch: Мульт -> МУЛЬТ
 GrCh: Детские
Channel: Мультимузыка
 GrCh: Музыка
Channel: НАШЕ НОВОЕ КИНО
 Ch: Наше Новое Кино -> Наше новое кино
 GrCh: Фильмы
Channel: НАШЕ ТВ
 Ch: НАШЕ ТВ -> Наше ТВ
 GrCh: Музыка
Channel: НСТВ
 Ch: НСТВ -> Настоящее страшное ТВ
 GrCh: Фильмы
Channel: НТВ
 GrCh: Общественные
Channel: НТВ HD
 GrCh: Общественные
Channel: Наука
 GrCh: Познавательные
Channel: Ностальгия
 GrCh: Общественные
Channel: О!
 GrCh: Детские
Channel: О!КИНО
 Ch local: О!КИНО -> О!Кино
 Ch: О!КИНО -> О!Кино
 GrCh: Фильмы
Channel: О-ля-ля
 Ch: О-ля-ля -> O-la-la
 GrCh: Эротика
Channel: О2TV
 Ch: О2TV -> О2ТВ
 GrCh: Музыка
Channel: ОТР
 GrCh: Общественные
Channel: Оружие
 GrCh: Мужские
Channel: Охота и рыбалка
 Ch: Охота и Рыбалка -> Охота и рыбалка
 GrCh: Мужские
Channel: Охотник и рыболов HD
 Ch: Охотник и Рыболов HD -> Охотник и рыболов HD
Channel: Первый канал
 GrCh: Общественные
Channel: Первый образовательный
 Ch: первый образовательный -> Первый образовательный
 GrCh: Познавательные
Channel: Просвещение
 GrCh: Познавательные
Channel: Пёс и Ко
 GrCh: Познавательные
Channel: РБК-ТВ
 Ch: РБК-ТВ -> РБК
 GrCh: Новостные
Channel: РЕН ТВ
 Ch: Рен ТВ -> РЕН ТВ
 GrCh: Общественные
Channel: РЕН ТВ HD
 Ch: Рен ТВ HD -> РЕН ТВ HD
 GrCh: Общественные
Channel: РОДНОЕ КИНО
 Ch: РОДНОЕ КИНО -> Родное кино
 GrCh: Фильмы
Channel: Радость Моя
 Ch: Радость Моя -> Радость моя
 GrCh: Детские
Channel: Ретро
 Ch: Ретро -> Ретро ТВ
 GrCh: Общественные
Channel: Россия 24
 Ch: РОССИЯ 24 -> Россия 24
 GrCh: Новостные
Channel: Россия К
 Ch: РОССИЯ К -> Россия К
 GrCh: Общественные
Channel: Русская ночь
 GrCh: Эротика
Channel: Русский Иллюзион
 Ch: Русский Иллюзион -> Русский иллюзион
 GrCh: Фильмы
Channel: Русский бестселлер
 Ch: Русский Бестселлер -> Русский бестселлер
 GrCh: Фильмы
Channel: Русский детектив
 Ch: Русский Детектив -> Русский детектив
 GrCh: Фильмы
Channel: Русский роман
 Ch: Русский Роман -> Русский роман
 GrCh: Фильмы
Channel: Russian Extreme
 Ch: Russian Extreme -> Russian Extreme
 GrCh: Спорт
Channel: СТС
 GrCh: Общественные
Channel: СТС Love
 GrCh: Фильмы
Channel: Сарафан
 Ch: Сарафан -> Сарафан
 GrCh: Развлекательные
Channel: Синема
 Ch: Синема -> Cinema
 GrCh: Фильмы
Channel: Союз
 GrCh: Религиозные
Channel: Спас
 Ch: Спас -> СПАС
 GrCh: Религиозные
Channel: Супер
 GrCh: Фильмы
Channel: ТВ 3
 Ch: ТВ 3 -> ТВ 3
 GrCh: Развлекательные
Channel: ТВ Центр
 Ch: ТВ Центр -> ТВЦ
 GrCh: Общественные
Channel: ТЕЛЕКАФЕ
 GrCh: Познавательные
Channel: ТЕХНО 24
 GrCh: Познавательные
Channel: ТНОМЕР
 Ch: ТНОМЕР -> Тномер
 GrCh: Познавательные
Channel: ТНТ
 GrCh: Общественные
Channel: ТНТ HD
 GrCh: Общественные
Channel: ТНТ MUSIC
 Ch: ТНТ Music -> ТНТ MUSIC
 GrCh: Музыка
Channel: ТНТ4
 GrCh: Развлекательные
Channel: Тайны Галактики
 GrCh: Познавательные
Channel: Театр
 GrCh: Фильмы
Channel: Доктор
 GrCh: Познавательные
Channel: Известия HD
 GrCh: Новостные
Channel: АВТО24
 GrCh: Мужские
Channel: СТАРТ
 GrCh: Спорт
Channel: Пятница
 Ch: Пятница -> Пятница!
 GrCh: Развлекательные
Channel: Усадьба ТВ
 Ch: Усадьба ТВ -> Усадьба
 GrCh: Познавательные
Channel: Феникс плюс Кино
 Ch: Феникс плюс кино -> Феникс+ кино
 GrCh: Фильмы
Channel: Футбол
 GrCh: Спорт
Channel: Че
 GrCh: Развлекательные
Channel: Шалун HD
 GrCh: Эротика
Channel: Шансон-ТВ
 Ch: Шансон-ТВ -> Шансон ТВ
 GrCh: Музыка
Channel: Шант Music HD
 Ch: Шант Music HD -> Shant Music HD
 GrCh: Музыка
Channel: Шант News HD
 Ch: Шант News HD -> Shant News HD
 GrCh: Новостные
Channel: Шант Premium HD
 Ch: Шант Premium HD -> Shant Premium HD
 GrCh: Армянские
Channel: Шант Serial HD
 Ch: Шант Serial HD -> Shant Serial HD
Channel: Эхо-ТВ
 Ch: Эхо-ТВ -> Эхо TV
 GrCh: Общественные
Channel: Ю
 GrCh: Общественные
Channel: Ювелирочка
 GrCh: Магазин
23.01.2020 13:57:41  Processing: PeersTV

Channel: Первый
 Ch: Первый -> Первый канал
 GrCh: Общественные
Channel: Россия 1
 GrCh: Общественные
Channel: НТВ
 GrCh: Общественные
Channel: НТВ
 GrCh: Общественные
Channel: НТВ
 GrCh: Общественные
Channel: Россия К
 Ch: РОССИЯ К -> Россия К
 GrCh: Общественные
Channel: Россия К
 Ch: РОССИЯ К -> Россия К
 GrCh: Общественные
Channel: Россия 24
 Ch: РОССИЯ 24 -> Россия 24
 GrCh: Новостные
Channel: Карусель
 GrCh: Детские
Channel: ОТР
 GrCh: Общественные
Channel: ОТР
 GrCh: Общественные
Channel: ТВЦ
 GrCh: Общественные
Channel: ТВЦ
 GrCh: Общественные
Channel: РЕН-ТВ
 Ch: РЕН-ТВ -> РЕН ТВ
 GrCh: Общественные
Channel: РЕН-ТВ
 Ch: РЕН-ТВ -> РЕН ТВ
 GrCh: Общественные
Channel: РЕН-ТВ
 Ch: РЕН-ТВ -> РЕН ТВ
 GrCh: Общественные
Channel: СПАС
 Ch: Спас -> СПАС
 GrCh: Религиозные
Channel: СТС Мир
 GrCh: Региональные
Channel: СТС Мир
 GrCh: Региональные
Channel: СТС Мир
 GrCh: Региональные
Channel: Домашний
 GrCh: Общественные
Channel: Домашний
 GrCh: Общественные
Channel: Домашний
 GrCh: Общественные
Channel: Звезда
 Ch: ЗВЕЗДА -> Звезда
 GrCh: Общественные
Channel: Звезда
 Ch: ЗВЕЗДА -> Звезда
 GrCh: Общественные
Channel: Мир
 Ch: МИР -> Мир
 GrCh: Общественные
Channel: МУЗ-ТВ
 Ch: Муз-ТВ -> Муз ТВ
 GrCh: Музыка
Channel: МУЗ-ТВ
 Ch: Муз-ТВ -> Муз ТВ
 GrCh: Музыка
Channel: Ю
 GrCh: Общественные
Channel: Канал Disney
 Ch: Канал Disney -> Disney Channel
 GrCh: Детские
Channel: Дождь
 Ch: ДОЖДЬ -> Дождь
 GrCh: Общественные
Channel: 1HD Music Television
 Ch: 1HD Music Television -> 1HD
 GrCh: HD каналы
Channel: ОТС HD
 Ch: ОТС HD -> ОТС HD
Channel: Енисей
 GrCh: Региональные
Channel: Загородная жизнь
 GrCh: Познавательные
Channel: Shop 24
 GrCh: Магазин
Channel: РБК
 GrCh: Новостные
Channel: РБК
 GrCh: Новостные
Channel: EuroNews
 Ch: EuroNews -> Euronews
 GrCh: Новостные
Channel: Russia Today
 Ch: RUSSIA TODAY -> Russia Today
 GrCh: Информационные
Channel: КРИК-ТВ
 Ch: Крик-ТВ -> КРИК-ТВ
 GrCh: Новостные
Channel: Мир 24
 Ch: МИР 24 -> Мир 24
 GrCh: Новостные
Channel: TVXXI
 Ch: TVXXI -> TV XXI
 GrCh: Фильмы
Channel: Bridge TV
 Ch: Bridge TV -> BRIDGE TV
 GrCh: Музыка
Channel: Bridge TV
 Ch: Bridge TV -> BRIDGE TV
 GrCh: Музыка
Channel: Футбол
 GrCh: Спорт
Channel: Футбол
 GrCh: Спорт
Channel: ОТВ24
 Ch: ОТВ24 -> ОТВ 24
Channel: 49 КАНАЛ
 Ch: 49 КАНАЛ -> 49 канал
 GrCh: Региональные
Channel: СмайликТВ
 Ch: СмайликТВ -> Смайлик ТВ
 GrCh: Детские
Channel: Брянская Губерния
 GrCh: Региональные
Channel: Радость моя
 Ch: Радость Моя -> Радость моя
 GrCh: Детские
Channel: Nickelodeon HD
 Ch: nickelodeon HD -> Nickelodeon HD
 GrCh: HD каналы
Channel: Nick Jr.
 Ch: Nick Jr. -> Nick Jr.
 GrCh: Детские
Channel: Travel+ Adventure
 Ch: Travel+ Adventure -> Travel+ Adventure
 GrCh: Познавательные
Channel: ВРЕМЯ
 GrCh: Общественные
Channel: Успех
 GrCh: Познавательные
Channel: Galaxy
 Ch: GALAXY -> Galaxy TV
 GrCh: Познавательные
Channel: Дом кино
 Ch: Дом Кино -> Дом кино
 GrCh: Фильмы
Channel: Любимое кино
 Ch: Любимое кино -> Наше любимое кино
 GrCh: Фильмы
Channel: Мир сериала
 Ch: Мир Сериала -> Мир сериала
 GrCh: Фильмы
Channel: Russia Today Doc
 Ch: Russia Today Doc -> RTД
 GrCh: Информационные
Channel: Москва-24
 Ch: Москва-24 -> Москва 24
 GrCh: Общественные
Channel: Телекафе
 GrCh: Познавательные
Channel: Синергия ТВ
 GrCh: Образовательные
Channel: БСТ
 GrCh: Общественные
Channel: 360 Подмосковье (Москва)
 Ch: 360 Подмосковье (Москва) -> 360° Подмосковье
 GrCh: Новостные
Channel: GlobalStar TV
 Ch: GlobalStar ТВ -> Global Star TV
 GrCh: Развлекательные
Channel: Авто 24
 Ch: АВТО 24 -> АВТО24
 GrCh: Мужские
Channel: Shopping Live
 GrCh: Магазин
Channel: Русский Экстрим
 Ch: Русский Экстрим -> Russian Extreme
 GrCh: Спорт
Channel: MTV Russia
 GrCh: Музыка
Channel: О2ТВ
 Ch: O2ТВ -> О2ТВ
 GrCh: Музыка
Channel: Шансон ТВ
 Ch: Шансон ТВ -> Шансон ТВ
 GrCh: Музыка
Channel: BRIDGE TV Deluxe
 Ch: BRIDGE TV DELUXE -> BRIDGE TV DELUXE HD
 GrCh: HD каналы
Channel: a2
 Ch: a2 -> A2
 GrCh: Фильмы
Channel: ВМЕСТЕ-РФ
 GrCh: Информационные
Channel: МИР PREMIUM
 GrCh: Фильмы
Channel: 8 канал
 GrCh: Общественные
Channel: Точка ТВ
 GrCh: Познавательные
Channel: СТРК
 GrCh: Фильмы
Channel: ЛДПР.ТВ
 Ch: ЛДПР.ТВ -> ЛДПР ТВ
 GrCh: Общественные
Channel: 9 Волна
 Ch: 9 Волна -> ACB TV
 GrCh: Региональные
Channel: Новое телевидение
 GrCh: Развлекательные
Channel: Надежда
 GrCh: Религиозные
Channel: ТВК
 Ch: ТВК -> Домашний - ТВК6
 GrCh: Региональные
Channel: 8 канал (Красноярск)
 GrCh: Региональные
Channel: Amedia HIT
 Ch: AMEDIA HIT -> Amedia Hit
 GrCh: Фильмы
Channel: Amedia HIT
 Ch: AMEDIA HIT -> Amedia Hit
 GrCh: Фильмы
Channel: Кубань 24 ОРБИТА
 Ch: Кубань 24 ОРБИТА -> Кубань 24 Орбита
 GrCh: Региональные
Channel: 43 Канал
 Ch: 43 Канал -> 43 канал
 GrCh: Общественные
Channel: БОБЁР
 GrCh: Познавательные
Channel: Восток ТВ
 GrCh: Музыка
Channel: BRIDGE TV Русский Хит
 Ch: Bridge TV Русский хит -> BRIDGE TV РУССКИЙ ХИТ
 GrCh: Музыка
Channel: ТНТ Music
 Ch: ТНТ Music -> ТНТ MUSIC
 GrCh: Музыка
Channel: ТНТ Music
 Ch: ТНТ Music -> ТНТ MUSIC
 GrCh: Музыка
Channel: ТелеБалтНьюс
 Ch: ТелеБалтНьюс -> ТБН
Channel: Миллет
 GrCh: Познавательные
Channel: Калейдоскоп ТВ
 GrCh: Развлекательные
Channel: Продвижение
 GrCh: Развлекательные
Channel: Министерство Идей
 Ch: Министерство Идей -> Министерство идей
 GrCh: Информационные
Channel: Мультимания
 GrCh: Детские
Channel: Первый вегетарианский
 Ch: Первый Вегетарианский -> Первый вегетарианский
 GrCh: Познавательные
Channel: Наше ТВ
 Ch: НАШЕ ТВ -> Наше ТВ
 GrCh: Музыка
Channel: НТВ Право
 GrCh: Познавательные
Channel: Эхо-ТВ
 Ch: Эхо-ТВ -> Эхо TV
 GrCh: Общественные
Channel: Ника ТВ
 GrCh: Общественные
Channel: Ратник
 GrCh: Общественные
Channel: О!
 GrCh: Детские
Channel: Известия
 GrCh: Новостные
Channel: Детский мир
 GrCh: Детские
Channel: Bridge TV Classic
 Ch: Bridge TV Classic -> BRIDGE TV CLASSIC
 GrCh: Музыка
Channel: Большая Азия
 GrCh: Познавательные
Channel: ЕГЭ
 Ch: ЕГЭ -> ЕГЭ ТВ
 GrCh: Образовательные
Channel: НТС
 Ch: НТС -> НТС (Севастополь)
Channel: Классика Кино
 GrCh: Фильмы
Channel: CGTN
 GrCh: Новостные
Channel: Erox HD
 GrCh: Эротика
Channel: Blue Hustler
 GrCh: Эротика
Channel: Сочи 24
 Ch: Сочи 24 -> СОЧИ24 HD
Channel: СТС love
 GrCh: Фильмы
Channel: Эфир-Казань
 Ch: Эфир-Казань -> Эфир (Казань)
Channel: НТВ Стиль
 GrCh: Познавательные
Channel: ДОН 24
 GrCh: Региональные
Channel: Старт
 Ch local: Старт -> Старт HD
 GrCh: HD каналы
Channel: 1 Крымский
 Ch: 1 Крымский -> Первый крымский
 GrCh: Региональные
Channel: CGTN Русский
 GrCh: Общественные
Channel: Filmbox Arthouse
 GrCh: Фильмы
Channel: НТВ Сериал
 GrCh: Фильмы
Channel: Nickelodeon
 Ch: nickelodeon -> Nickelodeon
 GrCh: Детские
Channel: Nickelodeon
 Ch: nickelodeon -> Nickelodeon
 GrCh: Детские
Channel: Amedia Premium HD
 Ch: Amedia premium HD -> Amedia Premium HD
 GrCh: HD каналы
Channel: Brazzers TV Europe
 GrCh: Эротика
23.01.2020 13:57:45  Processing: TV+

Channel: Первый
 Ch: Первый -> Первый канал
 GrCh: Общественные
Channel: Первый HD
 Ch: Первый HD -> Первый канал HD
 GrCh: HD каналы
Channel: Россия 1
 GrCh: Общественные
Channel: Россия 24
 Ch: РОССИЯ 24 -> Россия 24
 GrCh: Новостные
Channel: Россия 1 HD
 GrCh: HD каналы
Channel: Матч!
 Ch: Матч! -> Матч ТВ
 GrCh: Спорт
Channel: Матч! HD
 Ch: Матч! HD -> Матч ТВ HD
 GrCh: HD каналы
Channel: Матч! Арена
 Ch: МАТЧ! АРЕНА -> Матч! Арена
 GrCh: Спорт
Channel: Матч! Арена HD
 Ch: МАТЧ! АРЕНА HD -> Матч! Арена HD
 GrCh: HD каналы
Channel: Матч! Игра
 Ch: МАТЧ! ИГРА -> Матч! Игра
 GrCh: Спорт
Channel: Матч! Игра HD
 Ch: МАТЧ! ИГРА HD -> Матч! Игра HD
 GrCh: HD каналы
Channel: Матч! Наш спорт
 Ch: Матч! Наш Спорт -> Матч! Страна
 GrCh: Спорт
Channel: Матч! Боец
 Ch: МАТЧ! БОЕЦ -> Матч! Боец
 GrCh: Спорт
Channel: НТВ
 GrCh: Общественные
Channel: СТС
 GrCh: Общественные
Channel: ТНТ
 GrCh: Общественные
Channel: ТНТ HD
 GrCh: HD каналы
Channel: Пятница!
 GrCh: Развлекательные
Channel: ТВ-3
 Ch: ТВ-3 -> ТВ 3
 GrCh: Развлекательные
Channel: РЕН ТВ
 Ch: Рен ТВ -> РЕН ТВ
 GrCh: Общественные
Channel: Карусель
 GrCh: Детские
Channel: Пятый канал
 Ch: Пятый Канал -> Пятый канал
 GrCh: Общественные
Channel: Звезда
 Ch: ЗВЕЗДА -> Звезда
 GrCh: Общественные
Channel: Домашний
 GrCh: Общественные
Channel: ТВ Центр
 Ch: ТВ Центр -> ТВЦ
 GrCh: Общественные
Channel: Муз ТВ
 Ch: Муз TV -> Муз ТВ
 GrCh: Музыка
Channel: 2x2
 Ch: 2x2 -> 2х2
 GrCh: Развлекательные
Channel: ТНТ4
 GrCh: Развлекательные
Channel: Супер
 GrCh: Фильмы
Channel: ТНТ MUSIC
 Ch: ТНТ Music -> ТНТ MUSIC
 GrCh: Музыка
Channel: Music Box
 Ch: Music BOX -> MUSICBOX
 GrCh: Музыка
Channel: Music Box RU
 Ch: Music Box Ru -> RUSSIAN MUSICBOX
 GrCh: Музыка
Channel: Music Box RU HD
 Ch: Music Box RU HD -> RUSSIAN MUSICBOX HD
 GrCh: HD каналы
Channel: Юмор ТВ
 Ch: Юмор тв -> Юмор ТВ
 GrCh: Развлекательные
Channel: Мир
 Ch: МИР -> Мир
 GrCh: Общественные
Channel: ОТР
 GrCh: Общественные
Channel: Спас
 Ch: Спас -> СПАС
 GrCh: Религиозные
Channel: Россия К
 Ch: РОССИЯ К -> Россия К
 GrCh: Общественные
Channel: Москва 24
 GrCh: Общественные
Channel: Точка ТВ
 GrCh: Познавательные
Channel: Радость моя
 Ch: Радость Моя -> Радость моя
 GrCh: Детские
Channel: rt
 Ch local: rt -> Russia Today
 Ch: RUSSIA TODAY -> Russia Today
 GrCh: Информационные
Channel: RTД HD
 GrCh: HD каналы
Channel: Первый (+2)
 Ch: Первый (+2) -> Первый канал (+2)
 Priority: Общественные
 GrCh: Общественные
Channel: Первый (+4)
 Ch: Первый (+4) -> Первый канал (+4)
 Priority: Общественные
 GrCh: Общественные
Channel: Первый (+6)
 Ch: Первый (+6) -> Первый канал (+6)
 Priority: Общественные
 GrCh: Общественные
Channel: Россия 1 (+2)
 Priority: Общественные
 GrCh: Общественные
Channel: Россия 1 (+4)
 Priority: Общественные
 GrCh: Общественные
Channel: Россия 1 (+6)
 Priority: Общественные
 GrCh: Общественные
Channel: СТС (+2)
 Priority: Общественные
 GrCh: Общественные
Channel: СТС (+4)
 Priority: Общественные
 GrCh: Общественные
Channel: СТС (+6)
 Priority: Общественные
 GrCh: Общественные
Channel: ТНТ (+2)
 Priority: Общественные
 GrCh: Общественные
Channel: ТНТ (+4)
 Priority: Общественные
 GrCh: Общественные
Channel: ТНТ (+6)
 Priority: Общественные
 GrCh: Общественные
Channel: НТВ (+2)
 Priority: Общественные
 GrCh: Общественные
Channel: НТВ (+4)
 Priority: Общественные
 GrCh: Общественные
Channel: НТВ (+6)
 Priority: Общественные
 GrCh: Общественные
Channel: Пятница! (+2)
 Priority: Развлекательные
 GrCh: Развлекательные
Channel: Пятница! (+4)
 Priority: Развлекательные
 GrCh: Развлекательные
Channel: Пятница! (+6)
 Priority: Развлекательные
 GrCh: Развлекательные
Channel: РЕН ТВ (+2)
 Priority: Общественные
 GrCh: Общественные
Channel: РЕН ТВ (+4)
 Ch: Рен ТВ (+4) -> РЕН ТВ (+4)
 Priority: Общественные
 GrCh: Общественные
Channel: РЕН ТВ (+6)
 Priority: Общественные
 GrCh: Общественные
Channel: Карусель (+2)
 Priority: Детские
 GrCh: Детские
Channel: Карусель (+4)
 Priority: Детские
 GrCh: Детские
Channel: Карусель (+6)
 Priority: Детские
 GrCh: Детские
Channel: ТВ 3 (+2)
 Priority: Развлекательные
 GrCh: Развлекательные
Channel: ТВ 3 (+4)
 Priority: Развлекательные
 GrCh: Развлекательные
Channel: ТВ 3 (+6)
 Priority: Развлекательные
 GrCh: Развлекательные
Channel: Кинопремьера HD
 Ch: КИНОПРЕМЬЕРА HD -> Кинопремьера HD
 GrCh: HD каналы
Channel: Кинохит
 Ch: КИНОХИТ -> Кинохит
 GrCh: Фильмы
Channel: Киносемья
 Ch: КИНОСЕМЬЯ -> Киносемья
 GrCh: Фильмы
Channel: Киносвидание
 Ch: КИНОСВИДАНИЕ -> Киносвидание
 GrCh: Фильмы
Channel: Мужское кино
 Ch: Мужское Кино -> Мужское кино
 GrCh: Фильмы
Channel: Бокс ТВ
 GrCh: Спорт
Channel: M-1 Global
 GrCh: Спорт
Channel: Матч! Футбол 1
 Ch: МАТЧ! Футбол 1 -> Матч! Футбол 1
 GrCh: Спорт
Channel: Матч! Футбол 1 HD
 Ch: МАТЧ! Футбол 1 HD -> Матч! Футбол 1 HD
 GrCh: HD каналы
Channel: Матч! Футбол 2
 Ch: МАТЧ! Футбол 2 -> Матч! Футбол 2
 GrCh: Спорт
Channel: Матч! Футбол 2 HD
 Ch: МАТЧ! Футбол 2 HD -> Матч! Футбол 2 HD
 GrCh: HD каналы
Channel: Матч! Футбол 3
 Ch: МАТЧ! Футбол 3 -> Матч! Футбол 3
 GrCh: Спорт
Channel: Матч! Футбол 3 HD
 Ch: МАТЧ! Футбол 3 HD -> Матч! Футбол 3 HD
 GrCh: HD каналы
Channel: Матч! Премьер
 Ch: Матч! Премьер -> Матч Премьер
 GrCh: Спорт
Channel: Матч! Премьер HD
 Ch: Матч! Премьер HD -> Матч Премьер HD
 GrCh: HD каналы
Channel: Классика кино
 GrCh: Фильмы
Channel: HD Media
 Ch: HD MEDIA -> HD Media
 GrCh: HD каналы
Channel: Неизвестная планета
 GrCh: Познавательные
Channel: Europa Plus TV
 Ch: EUROPA PLUS TV -> Europa Plus TV
 GrCh: Музыка
23.01.2020 13:57:48  Processing: TVizor

Channel: 1+1
 Gr: Украина -> Украинские
 GrCh: Украинские
Channel: 1+1
 Gr: Украина -> Украинские
 GrCh: Украинские
Channel: 1+1
 Gr: Украина -> Украинские
 GrCh: Украинские
Channel: 1+1
 Gr: Украина -> Украинские
 GrCh: Украинские
Channel: 1+1
 Gr: Украина -> Украинские
 GrCh: Украинские
Channel: 1HD
 GrCh: HD каналы
Channel: 2+2
 Gr: Украина -> Украинские
 GrCh: Украинские
Channel: 2+2
 Gr: Украина -> Украинские
 GrCh: Украинские
Channel: 2+2
 Gr: Украина -> Украинские
 GrCh: Украинские
Channel: 2x2
 Ch: 2x2 -> 2х2
 GrCh: Развлекательные
Channel: 2x2
 Ch: 2x2 -> 2х2
 GrCh: Развлекательные
Channel: 360° Подмосковье
 Ch: 360° Подмосковье -> 360°
 GrCh: Развлекательные
Channel: 360° Подмосковье
 Ch: 360° Подмосковье -> 360°
 GrCh: Развлекательные
Channel: 360° Подмосковье
 Ch: 360° Подмосковье -> 360°
 GrCh: Развлекательные
Channel: 365 Дней
 Ch: 365 Дней -> 365 дней
 GrCh: Познавательные
Channel: 365 Дней
 Ch: 365 Дней -> 365 дней
 GrCh: Познавательные
Channel: 365 Дней
 Ch: 365 Дней -> 365 дней
 GrCh: Познавательные
Channel: 8 канал
 Gr: Общие -> Общественные
 GrCh: Общественные
Channel: 8 канал
 Gr: Общие -> Общественные
 GrCh: Общественные
Channel: 8 канал
 Gr: Общие -> Общественные
 GrCh: Общественные
Channel: A1
 Ch: a1 -> A1
 GrCh: Фильмы
Channel: A1
 Ch: a1 -> A1
 GrCh: Фильмы
Channel: A1
 Ch: a1 -> A1
 GrCh: Фильмы
Channel: A1
 Ch: a1 -> A1
 GrCh: Фильмы
Channel: A2
 Ch: a2 -> A2
 GrCh: Фильмы
Channel: A2
 Ch: a2 -> A2
 GrCh: Фильмы
Channel: A2
 Ch: a2 -> A2
 GrCh: Фильмы
Channel: Amedia Hit
 Ch: AMEDIA HIT -> Amedia Hit
 GrCh: Фильмы
Channel: Amedia Hit
 Ch: AMEDIA HIT -> Amedia Hit
 GrCh: Фильмы
Channel: Amedia Hit
 Ch: AMEDIA HIT -> Amedia Hit
 GrCh: Фильмы
Channel: Amedia Premium HD
 Ch: Amedia premium HD -> Amedia Premium HD
 GrCh: HD каналы
Channel: Amedia Premium HD
 Ch: Amedia premium HD -> Amedia Premium HD
 GrCh: HD каналы
Channel: Amedia Premium HD
 Ch: Amedia premium HD -> Amedia Premium HD
 GrCh: HD каналы
Channel: Ani
 GrCh: Познавательные
Channel: Ani
 GrCh: Познавательные
Channel: Ani
 GrCh: Познавательные
Channel: Animal Planet
 Ch: ANIMAL PLANET -> Animal Planet
 GrCh: Познавательные
Channel: Bloomberg
 GrCh: Новостные
Channel: Bollywood
 GrCh: Фильмы
Channel: Boomerang
 GrCh: Детские
Channel: Bridge TV
 Ch: Bridge TV -> BRIDGE TV
 Gr: Музыка -> Музыка
 GrCh: Музыка
Channel: Bridge TV
 Ch: Bridge TV -> BRIDGE TV
 Gr: Музыка -> Музыка
 GrCh: Музыка
Channel: Bridge TV
 Ch: Bridge TV -> BRIDGE TV
 Gr: Музыка -> Музыка
 GrCh: Музыка
Channel: CNN
 GrCh: Новостные
Channel: CNN
 GrCh: Новостные
Channel: CNN
 GrCh: Новостные
Channel: Cartoon Network
 Ch: CARTOON NETWORK -> Cartoon Network
 GrCh: Детские
Channel: DTX
 GrCh: Познавательные
Channel: Dange TV
 Ch: Dange TV -> DANGE TV
 Gr: Музыка -> Музыка
Channel: Dange TV
 Ch: Dange TV -> DANGE TV
 Gr: Музыка -> Музыка
Channel: Discovery Channel
 Ch: Discovery channel -> Discovery Channel
 GrCh: Познавательные
Channel: Discovery Science
 GrCh: Познавательные
Channel: Disney Channel
 GrCh: Детские
Channel: Disney Channel
 GrCh: Детские
Channel: Disney Channel
 GrCh: Детские
Channel: Disney Channel
 GrCh: Детские
Channel: Europa Plus TV
 Ch: EUROPA PLUS TV -> Europa Plus TV
 GrCh: Музыка
Channel: Europa Plus TV
 Ch: EUROPA PLUS TV -> Europa Plus TV
 GrCh: Музыка
Channel: Eurosport 1
 GrCh: Спорт
Channel: Eurosport 2
 GrCh: Спорт
Channel: Eurosport 2
 GrCh: Спорт
Channel: Eurosport 2
 GrCh: Спорт
Channel: Extreme Sports
 Ch: Extreme sports -> Extreme Sports
 GrCh: Спорт
Channel: Extreme Sports
 Ch: Extreme sports -> Extreme Sports
 GrCh: Спорт
Channel: Extreme Sports
 Ch: Extreme sports -> Extreme Sports
 GrCh: Спорт
Channel: FOX
 Ch: Fox -> FOX
 GrCh: Фильмы
Channel: FOX
 Ch: Fox -> FOX
 GrCh: Фильмы
Channel: FOX
 Ch: Fox -> FOX
 GrCh: Фильмы
Channel: Fine Living
 Ch: Fine Living -> Fine Living Network
 GrCh: Познавательные
Channel: Fine Living
 Ch: Fine Living -> Fine Living Network
 GrCh: Познавательные
Channel: Fine Living
 Ch: Fine Living -> Fine Living Network
 GrCh: Познавательные
Channel: Fox Life
 Ch: Fox life -> FOX Life
 GrCh: Фильмы
Channel: Fox Life
 Ch: Fox life -> FOX Life
 GrCh: Фильмы
Channel: Galaxy TV
 GrCh: Познавательные
Channel: Galaxy TV
 GrCh: Познавательные
Channel: Galaxy TV
 GrCh: Познавательные
Channel: Galaxy TV
 GrCh: Познавательные
Channel: Gulli
 GrCh: Детские
Channel: Gulli
 GrCh: Детские
Channel: Gulli
 GrCh: Детские
Channel: HD Life
 Ch: HD Life -> HDL
Channel: HD Life
 Ch: HD Life -> HDL
Channel: HardLife TV
 GrCh: Музыка
Channel: History
 Ch: HISTORY -> History
 GrCh: Познавательные
Channel: History
 Ch: HISTORY -> History
 GrCh: Познавательные
Channel: History
 Ch: HISTORY -> History
 GrCh: Познавательные
Channel: History
 Ch: HISTORY -> History
 GrCh: Познавательные
Channel: ICTV
 Gr: Украина -> Украинские
 GrCh: Украинские
Channel: ICTV
 Gr: Украина -> Украинские
 GrCh: Украинские
Channel: ICTV
 Gr: Украина -> Украинские
 GrCh: Украинские
Channel: ICTV
 Gr: Украина -> Украинские
 GrCh: Украинские
Channel: ICTV
 Gr: Украина -> Украинские
 GrCh: Украинские
Channel: ID Xtra
 Ch: ID xtra -> ID Investigation Discovery
 GrCh: Познавательные
Channel: JimJam
 Ch: JIMJAM -> JimJam
 GrCh: Детские
Channel: JimJam
 Ch: JIMJAM -> JimJam
 GrCh: Детские
Channel: JimJam
 Ch: JIMJAM -> JimJam
 GrCh: Детские
Channel: Lale
 Gr: Украина -> Украинские
Channel: Lale
 Gr: Украина -> Украинские
Channel: Lale
 Gr: Украина -> Украинские
Channel: M-1 Global
 GrCh: Спорт
Channel: MTV Russia
 Gr: Музыка -> Музыка
 GrCh: Музыка
Channel: MTV Russia
 Gr: Музыка -> Музыка
 GrCh: Музыка
Channel: MTV Russia
 Gr: Музыка -> Музыка
 GrCh: Музыка
Channel: Mezzo
 Gr: Музыка -> Музыка
 GrCh: Музыка
Channel: Mezzo
 Gr: Музыка -> Музыка
 GrCh: Музыка
Channel: Mezzo
 Gr: Музыка -> Музыка
 GrCh: Музыка
Channel: Nat Geo Wild
 Ch: Nat Geo Wild -> Nat Geo Wild
 GrCh: Познавательные
Channel: Nat Geo Wild
 Ch: Nat Geo Wild -> Nat Geo Wild
 GrCh: Познавательные
Channel: Nat Geo Wild
 Ch: Nat Geo Wild -> Nat Geo Wild
 GrCh: Познавательные
Channel: Nat Geo Wild
 Ch: Nat Geo Wild -> Nat Geo Wild
 GrCh: Познавательные
Channel: National Geographic
 Ch: National geographic -> National Geographic
 GrCh: Познавательные
Channel: National Geographic
 Ch: National geographic -> National Geographic
 GrCh: Познавательные
Channel: National Geographic
 Ch: National geographic -> National Geographic
 GrCh: Познавательные
Channel: National Geographic
 Ch: National geographic -> National Geographic
 GrCh: Познавательные
Channel: Nick Jr.
 Ch: Nick Jr. -> Nick Jr.
 GrCh: Детские
Channel: Nick Jr.
 Ch: Nick Jr. -> Nick Jr.
 GrCh: Детские
Channel: Nick Jr.
 Ch: Nick Jr. -> Nick Jr.
 GrCh: Детские
Channel: Nickelodeon
 Ch: nickelodeon -> Nickelodeon
 GrCh: Детские
Channel: Nickelodeon
 Ch: nickelodeon -> Nickelodeon
 GrCh: Детские
Channel: Nickelodeon
 Ch: nickelodeon -> Nickelodeon
 GrCh: Детские
Channel: Nickelodeon
 Ch: nickelodeon -> Nickelodeon
 GrCh: Детские
Channel: Outdoor
 GrCh: Познавательные
Channel: Paramount Channel
 GrCh: Фильмы
Channel: Paramount Channel
 GrCh: Фильмы
Channel: Paramount Comedy
 Ch: Paramount comedy -> Paramount Comedy
 GrCh: Фильмы
Channel: Paramount Comedy
 Ch: Paramount comedy -> Paramount Comedy
 GrCh: Фильмы
Channel: Paramount Comedy
 Ch: Paramount comedy -> Paramount Comedy
 GrCh: Фильмы
Channel: Paramount Comedy
 Ch: Paramount comedy -> Paramount Comedy
 GrCh: Фильмы
Channel: QTV
 Gr: Украина -> Украинские
Channel: RTG
 GrCh: Познавательные
Channel: RTG
 GrCh: Познавательные
Channel: RTG
 GrCh: Познавательные
Channel: RU TV
 Ch: Ru TV -> RU TV
 Gr: Музыка -> Музыка
 GrCh: Музыка
Channel: RU TV
 Ch: Ru TV -> RU TV
 Gr: Музыка -> Музыка
 GrCh: Музыка
Channel: RU TV
 Ch: Ru TV -> RU TV
 Gr: Музыка -> Музыка
 GrCh: Музыка
Channel: Russia Today
 Ch: RUSSIA TODAY -> Russia Today
 GrCh: Информационные
Channel: Russia Today
 Ch: RUSSIA TODAY -> Russia Today
 GrCh: Информационные
Channel: Russia Today
 Ch: RUSSIA TODAY -> Russia Today
 GrCh: Информационные
Channel: Russia Today
 Ch: RUSSIA TODAY -> Russia Today
 GrCh: Информационные
Channel: Russian Music Box
 Ch: Russian Music Box -> RUSSIAN MUSICBOX
 Gr: Музыка -> Музыка
 GrCh: Музыка
Channel: Russian Music Box
 Ch: Russian Music Box -> RUSSIAN MUSICBOX
 Gr: Музыка -> Музыка
 GrCh: Музыка
Channel: SET
 Ch: SET -> Sony Channel
 GrCh: Фильмы
Channel: SET
 Ch: SET -> Sony Channel
 GrCh: Фильмы
Channel: Setanta Sports 1
 GrCh: Спорт
Channel: Setanta Sports 1
 GrCh: Спорт
Channel: Setanta Sports 1
 GrCh: Спорт
Channel: Setanta Sports 2
 Ch local: Setanta Sports 2 -> Setanta Sports 2 HD
 GrCh: HD каналы
Channel: Setanta Sports 2
 Ch local: Setanta Sports 2 -> Setanta Sports 2 HD
 GrCh: HD каналы
Channel: Setanta Sports UA
 Ch local: Setanta Sports UA -> Setanta Sports Ukraine HD
 Gr: Украина -> Украинские
 GrCh: HD каналы
Channel: Setanta Sports UA
 Ch local: Setanta Sports UA -> Setanta Sports Ukraine HD
 Gr: Украина -> Украинские
 GrCh: HD каналы
Channel: Sony Sci-Fi
 Ch: SONY SCI-FI -> Sony Sci-Fi
 GrCh: Фильмы
Channel: Sony Sci-Fi
 Ch: SONY SCI-FI -> Sony Sci-Fi
 GrCh: Фильмы
Channel: Sony Turbo
 Ch: sony turbo -> Sony Turbo
 GrCh: Фильмы
Channel: Sony Turbo
 Ch: sony turbo -> Sony Turbo
 GrCh: Фильмы
Channel: Sony Turbo
 Ch: sony turbo -> Sony Turbo
 GrCh: Фильмы
Channel: Spike
 GrCh: Общественные
Channel: Spike
 GrCh: Общественные
Channel: Super Tennis HD
 Ch: SUPER TENNIS HD -> Super Tennis HD
Channel: TLC
 GrCh: Познавательные
Channel: TV XXI
 GrCh: Фильмы
Channel: TV XXI
 GrCh: Фильмы
Channel: TV XXI
 GrCh: Фильмы
Channel: TV XXI
 GrCh: Фильмы
Channel: TV1000
 GrCh: Фильмы
Channel: TV1000 Action
 GrCh: Фильмы
Channel: TV1000 Русское кино
 GrCh: Фильмы
Channel: TiJi
 Ch: TiJi -> Tiji
 GrCh: Детские
Channel: TiJi
 Ch: TiJi -> Tiji
 GrCh: Детские
Channel: TiJi
 Ch: TiJi -> Tiji
 GrCh: Детские
Channel: Travel Channel
 GrCh: Познавательные
Channel: Travel+ Adventure
 Ch: Travel+ Adventure -> Travel+ Adventure
 GrCh: Познавательные
Channel: UA Перший
 Gr: Украина -> Украинские
Channel: UA Перший
 Gr: Украина -> Украинские
Channel: UA Перший
 Gr: Украина -> Украинские
Channel: VH1
 Ch: VH1 -> VH1 European
 Gr: Музыка -> Музыка
 GrCh: Музыка
Channel: VH1
 Ch: VH1 -> VH1 European
 Gr: Музыка -> Музыка
 GrCh: Музыка
Channel: VH1
 Ch: VH1 -> VH1 European
 Gr: Музыка -> Музыка
 GrCh: Музыка
Channel: ViP Comedy
 GrCh: Фильмы
Channel: ViP Megahit
 GrCh: Фильмы
Channel: ViP Premiere
 GrCh: Фильмы
Channel: Viasat Explore
 GrCh: Познавательные
Channel: Viasat Explore
 GrCh: Познавательные
Channel: Viasat History
 GrCh: Познавательные
Channel: Viasat History
 GrCh: Познавательные
Channel: Viasat History
 GrCh: Познавательные
Channel: Viasat Nature
 Ch: Viasat nature -> Viasat Nature
 GrCh: Познавательные
Channel: Viasat Nature
 Ch: Viasat nature -> Viasat Nature
 GrCh: Познавательные
Channel: Viasat Nature
 Ch: Viasat nature -> Viasat Nature
 GrCh: Познавательные
Channel: Viasat Sport
 GrCh: Спорт
Channel: XSport
 Ch: XSPORT -> Xsport
 GrCh: Спорт
Channel: XSport
 Ch: XSPORT -> Xsport
 GrCh: Спорт
Channel: Zee TV
 GrCh: Фильмы
Channel: Zee TV
 GrCh: Фильмы
Channel: Zee TV
 GrCh: Фильмы
Channel: Zee TV
 GrCh: Фильмы
Channel: Zoo TV
 Ch: Zoo TV -> Зоо ТВ
Channel: Zoo TV
 Ch: Zoo TV -> Зоо ТВ
Channel: Zoo TV
 Ch: Zoo TV -> Зоо ТВ
Channel: Zoom тв
 Gr: Украина -> Украинские
Channel: Zoom тв
 Gr: Украина -> Украинские
Channel: Zoom тв
 Gr: Украина -> Украинские
Channel: Авто 24
 Ch: АВТО 24 -> АВТО24
 GrCh: Мужские
Channel: Авто 24
 Ch: АВТО 24 -> АВТО24
 GrCh: Мужские
Channel: Авто 24
 Ch: АВТО 24 -> АВТО24
 GrCh: Мужские
Channel: Авто плюс
 Ch: Авто Плюс -> Авто плюс
 GrCh: Мужские
Channel: Авто плюс
 Ch: Авто Плюс -> Авто плюс
 GrCh: Мужские
Channel: Авто плюс
 Ch: Авто Плюс -> Авто плюс
 GrCh: Мужские
Channel: Бигуди
 Gr: Украина -> Украинские
Channel: Бигуди
 Gr: Украина -> Украинские
Channel: Бигуди
 Gr: Украина -> Украинские
Channel: Бобёр
 GrCh: Познавательные
Channel: Бобёр
 GrCh: Познавательные
Channel: Бокс ТВ
 GrCh: Спорт
Channel: Бокс ТВ
 GrCh: Спорт
Channel: Бокс ТВ
 GrCh: Спорт
Channel: Детский
 GrCh: Детские
Channel: Детский
 GrCh: Детские
Channel: Детский
 GrCh: Детские
Channel: Детский мир
 GrCh: Детские
Channel: Детский мир
 GrCh: Детские
Channel: Детский мир
 GrCh: Детские
Channel: Дождь
 Ch: ДОЖДЬ -> Дождь
 GrCh: Общественные
Channel: Доктор
 GrCh: Познавательные
Channel: Доктор
 GrCh: Познавательные
Channel: Дом кино
 Ch: Дом Кино -> Дом кино
 GrCh: Фильмы
Channel: Дом кино
 Ch: Дом Кино -> Дом кино
 GrCh: Фильмы
Channel: Дом кино
 Ch: Дом Кино -> Дом кино
 GrCh: Фильмы
Channel: Дом кино
 Ch: Дом Кино -> Дом кино
 GrCh: Фильмы
Channel: Дом кино
 Ch: Дом Кино -> Дом кино
 GrCh: Фильмы
Channel: Дом кино премиум HD
 Ch: Дом Кино Премиум HD -> Дом кино премиум HD
Channel: Дом кино премиум HD
 Ch: Дом Кино Премиум HD -> Дом кино премиум HD
Channel: Дом кино премиум HD
 Ch: Дом Кино Премиум HD -> Дом кино премиум HD
Channel: Домашний
 Gr: Общие -> Общественные
 GrCh: Общественные
Channel: Домашний
 Gr: Общие -> Общественные
 GrCh: Общественные
Channel: Домашний
 Gr: Общие -> Общественные
 GrCh: Общественные
Channel: Домашний
 Gr: Общие -> Общественные
 GrCh: Общественные
Channel: Домашний
 Gr: Общие -> Общественные
 GrCh: Общественные
Channel: Драйв
 GrCh: Мужские
Channel: Драйв ТВ
 Ch: Драйв ТВ -> Драйв
 GrCh: Мужские
Channel: Еврокино
 GrCh: Фильмы
Channel: Еврокино
 GrCh: Фильмы
Channel: Еврокино
 GrCh: Фильмы
Channel: Жара
 Gr: Музыка -> Музыка
 GrCh: Музыка
Channel: Жара
 GrCh: Музыка
Channel: Живи!
 Ch: ЖИВИ! -> Живи!
 GrCh: Развлекательные
Channel: Живи!
 Ch: ЖИВИ! -> Живи!
 GrCh: Развлекательные
Channel: Живи!
 Ch: ЖИВИ! -> Живи!
 GrCh: Развлекательные
Channel: Загородная жизнь
 GrCh: Познавательные
Channel: Загородная жизнь
 GrCh: Познавательные
Channel: Звезда
 Ch: ЗВЕЗДА -> Звезда
 Gr: Общие -> Общественные
 GrCh: Общественные
Channel: Звезда
 Ch: ЗВЕЗДА -> Звезда
 Gr: Общие -> Общественные
 GrCh: Общественные
Channel: Звезда
 Ch: ЗВЕЗДА -> Звезда
 Gr: Общие -> Общественные
 GrCh: Общественные
Channel: Звезда
 Ch: ЗВЕЗДА -> Звезда
 Gr: Общие -> Общественные
 GrCh: Общественные
Channel: Звезда
 Ch: ЗВЕЗДА -> Звезда
 Gr: Общие -> Общественные
 GrCh: Общественные
Channel: Иллюзион+
 GrCh: Фильмы
Channel: Иллюзион+
 GrCh: Фильмы
Channel: Иллюзион+
 GrCh: Фильмы
Channel: Иллюзион+
 GrCh: Фильмы
Channel: Индийское кино
 Ch: ИНДИЙСКОЕ КИНО -> Индийское кино
 GrCh: Фильмы
Channel: Индийское кино
 Ch: ИНДИЙСКОЕ КИНО -> Индийское кино
 GrCh: Фильмы
Channel: Индийское кино
 Ch: ИНДИЙСКОЕ КИНО -> Индийское кино
 GrCh: Фильмы
Channel: Интер
 Ch: ИНТЕР -> Интер
 Gr: Украина -> Украинские
 GrCh: Украинские
Channel: Интер
 Ch: ИНТЕР -> Интер
 Gr: Украина -> Украинские
 GrCh: Украинские
Channel: Интер
 Ch: ИНТЕР -> Интер
 Gr: Украина -> Украинские
 GrCh: Украинские
Channel: Интер
 Ch: ИНТЕР -> Интер
 Gr: Украина -> Украинские
 GrCh: Украинские
Channel: Интер
 Ch: ИНТЕР -> Интер
 Gr: Украина -> Украинские
 GrCh: Украинские
Channel: История
 GrCh: Познавательные
Channel: История
 GrCh: Познавательные
Channel: История
 GrCh: Познавательные
Channel: История
 GrCh: Познавательные
Channel: История
 GrCh: Познавательные
Channel: К1
 Gr: Украина -> Украинские
 GrCh: Украинские
Channel: К1
 Gr: Украина -> Украинские
 GrCh: Украинские
Channel: К1
 Gr: Украина -> Украинские
 GrCh: Украинские
Channel: К2
 Gr: Украина -> Украинские
 GrCh: Общественные
Channel: К2
 Gr: Украина -> Украинские
 GrCh: Общественные
Channel: К2
 Gr: Украина -> Украинские
 GrCh: Общественные
Channel: КАЗспорт
 GrCh: Спорт
Channel: КАЗспорт
 GrCh: Спорт
Channel: КАЗспорт
 GrCh: Спорт
Channel: Карусель
 GrCh: Детские
Channel: Карусель
 GrCh: Детские
Channel: Карусель
 GrCh: Детские
Channel: Карусель
 GrCh: Детские
Channel: Кино ТВ
 Ch: Кино ТВ -> КИНО ТВ
 GrCh: Фильмы
Channel: Кино ТВ
 Ch: Кино ТВ -> КИНО ТВ
 GrCh: Фильмы
Channel: Кино ТВ
 Ch: Кино ТВ -> КИНО ТВ
 GrCh: Фильмы
Channel: КиноПремиум HD
 Ch: Кинопремиум HD -> Премиальное HD
Channel: КиноПремиум HD
 Ch: Кинопремиум HD -> Премиальное HD
Channel: КиноПремиум HD
 Ch: Кинопремиум HD -> Премиальное HD
Channel: Кинокомедия
 Ch: КИНОКОМЕДИЯ -> Кинокомедия
 GrCh: Фильмы
Channel: Кинокомедия
 Ch: КИНОКОМЕДИЯ -> Кинокомедия
 GrCh: Фильмы
Channel: Кинокомедия
 Ch: КИНОКОМЕДИЯ -> Кинокомедия
 GrCh: Фильмы
Channel: Кинокомедия
 Ch: КИНОКОМЕДИЯ -> Кинокомедия
 GrCh: Фильмы
Channel: Киномикс
 Ch: КИНОМИКС -> Киномикс
 GrCh: Фильмы
Channel: Киномикс
 Ch: КИНОМИКС -> Киномикс
 GrCh: Фильмы
Channel: Кинопремьера
 Ch: Кинопремьера -> Кинопремьера HD
 GrCh: HD каналы
Channel: Киносвидание
 Ch: КИНОСВИДАНИЕ -> Киносвидание
 GrCh: Фильмы
Channel: Киносвидание
 Ch: КИНОСВИДАНИЕ -> Киносвидание
 GrCh: Фильмы
Channel: Киносемья
 Ch: КИНОСЕМЬЯ -> Киносемья
 GrCh: Фильмы
Channel: Киносерия
 Ch: КИНОСЕРИЯ -> Киносерия
 GrCh: Фильмы
Channel: Кинохит
 Ch: КИНОХИТ -> Кинохит
 GrCh: Фильмы
Channel: Комедия
 GrCh: Фильмы
Channel: Комедия
 GrCh: Фильмы
Channel: Комедия
 GrCh: Фильмы
Channel: Комедия
 GrCh: Фильмы
Channel: Конный мир
 GrCh: Спорт
Channel: Красная линия
 Gr: Общие -> Общественные
Channel: Красная линия
 Gr: Общие -> Общественные
Channel: Крым 1
 Ch: Крым 1 -> Первый крымский
 GrCh: Региональные
Channel: Крым 1
 Ch: Крым 1 -> Первый крымский
 GrCh: Региональные
Channel: Крым 1
 Ch: Крым 1 -> Первый крымский
 GrCh: Региональные
Channel: Крым 1
 Ch: Крым 1 -> Первый крымский
 GrCh: Региональные
Channel: Кухня ТВ
 GrCh: Познавательные
Channel: Кухня ТВ
 GrCh: Познавательные
Channel: Кухня ТВ
 GrCh: Познавательные
Channel: Кухня ТВ
 GrCh: Познавательные
Channel: Любимое кино
 Ch: Любимое кино -> Наше любимое кино
 GrCh: Фильмы
Channel: Любимое кино
 Ch: Любимое кино -> Наше любимое кино
 GrCh: Фильмы
Channel: Любимое кино
 Ch: Любимое кино -> Наше любимое кино
 GrCh: Фильмы
Channel: Ля минор
 Ch: Ля Минор -> Ля минор
 Gr: Музыка -> Музыка
 GrCh: Музыка
Channel: Ля минор
 Ch: Ля Минор -> Ля минор
 Gr: Музыка -> Музыка
 GrCh: Музыка
Channel: Ля минор
 Ch: Ля Минор -> Ля минор
 Gr: Музыка -> Музыка
 GrCh: Музыка
Channel: М1
 Gr: Музыка -> Музыка
 GrCh: Музыка
Channel: М1
 Gr: Музыка -> Музыка
 GrCh: Музыка
Channel: М1
 Gr: Музыка -> Музыка
 GrCh: Музыка
Channel: М2
 Gr: Музыка -> Музыка
 GrCh: Музыка
Channel: М2
 Gr: Музыка -> Музыка
 GrCh: Музыка
Channel: М2
 Gr: Музыка -> Музыка
 GrCh: Музыка
Channel: Малятко TV
 Ch: Малятко ТВ -> Малятко TV
 Gr: Украина -> Украинские
Channel: Малятко TV
 Ch: Малятко ТВ -> Малятко TV
 Gr: Украина -> Украинские
Channel: Мама
 Ch: МАМА -> Мама
 GrCh: Детские
Channel: Мама
 Ch: МАМА -> Мама
 GrCh: Детские
Channel: Мама
 Ch: МАМА -> Мама
 GrCh: Детские
Channel: Матч! Арена
 Ch: МАТЧ! АРЕНА -> Матч! Арена
 GrCh: Спорт
Channel: Матч! Боец
 Ch: МАТЧ! БОЕЦ -> Матч! Боец
 GrCh: Спорт
Channel: Матч! Боец
 Ch: МАТЧ! БОЕЦ -> Матч! Боец
 GrCh: Спорт
Channel: Матч! Игра
 Ch: МАТЧ! ИГРА -> Матч! Игра
 GrCh: Спорт
Channel: Матч! Наш спорт
 Ch: Матч! Наш Спорт -> Матч! Страна
 GrCh: Спорт
Channel: Матч! Планета
 Ch: МАТЧ! ПЛАНЕТА -> Матч! Планета
 GrCh: Спорт
Channel: Матч! Премьер
 Ch: Матч! Премьер -> Матч Премьер
 GrCh: Спорт
Channel: Мега ТВ
 Gr: Украина -> Украинские
Channel: Мега ТВ
 Gr: Украина -> Украинские
Channel: Мега ТВ
 Gr: Украина -> Украинские
Channel: Мега ТВ
 Gr: Украина -> Украинские
Channel: Мир
 Ch: МИР -> Мир
 Gr: Общие -> Общественные
 GrCh: Общественные
Channel: Мир
 Ch: МИР -> Мир
 Gr: Общие -> Общественные
 GrCh: Общественные
Channel: Мир
 Ch: МИР -> Мир
 Gr: Общие -> Общественные
 GrCh: Общественные
Channel: Мир 24
 Ch: МИР 24 -> Мир 24
 GrCh: Новостные
Channel: Мир 24
 Ch: МИР 24 -> Мир 24
 GrCh: Новостные
Channel: Мир сериала
 Ch: Мир Сериала -> Мир сериала
 GrCh: Фильмы
Channel: Мир сериала
 Ch: Мир Сериала -> Мир сериала
 GrCh: Фильмы
Channel: Много ТВ
 Ch: Много ТВ -> Киносерия
 GrCh: Фильмы
Channel: Много ТВ
 Ch: Много ТВ -> Киносерия
 GrCh: Фильмы
Channel: Морской
 GrCh: Познавательные
Channel: Морской
 GrCh: Познавательные
Channel: Морской
 GrCh: Познавательные
Channel: Москва 24
 GrCh: Общественные
Channel: Москва 24
 GrCh: Общественные
Channel: Моя планета
 Ch: Моя Планета -> Моя планета
 GrCh: Познавательные
Channel: Моя планета
 Ch: Моя Планета -> Моя планета
 GrCh: Познавательные
Channel: Моя планета
 Ch: Моя Планета -> Моя планета
 GrCh: Познавательные
Channel: Моя планета
 Ch: Моя Планета -> Моя планета
 GrCh: Познавательные
Channel: Мужское кино
 Ch: Мужское Кино -> Мужское кино
 GrCh: Фильмы
Channel: Мужское кино
 Ch: Мужское Кино -> Мужское кино
 GrCh: Фильмы
Channel: Мужское кино
 Ch: Мужское Кино -> Мужское кино
 GrCh: Фильмы
Channel: Мужское кино
 Ch: Мужское Кино -> Мужское кино
 GrCh: Фильмы
Channel: Муз ТВ
 Ch: Муз TV -> Муз ТВ
 Gr: Музыка -> Музыка
 GrCh: Музыка
Channel: Муз ТВ
 Ch: Муз TV -> Муз ТВ
 Gr: Музыка -> Музыка
 GrCh: Музыка
Channel: Муз ТВ
 Ch: Муз TV -> Муз ТВ
 Gr: Музыка -> Музыка
 GrCh: Музыка
Channel: Муз ТВ
 Ch: Муз TV -> Муз ТВ
 Gr: Музыка -> Музыка
 GrCh: Музыка
Channel: Музыка Первого
 Gr: Музыка -> Музыка
 GrCh: Музыка
Channel: Музыка первого
 Gr: Музыка -> Музыка
 GrCh: Музыка
Channel: Мульт
 Ch: Мульт -> МУЛЬТ
 GrCh: Детские
Channel: Мульт
 Ch: Мульт -> МУЛЬТ
 GrCh: Детские
Channel: Мульт
 Ch: Мульт -> МУЛЬТ
 GrCh: Детские
Channel: Мульт и музыка
 Ch: Мульт и музыка -> Мультимузыка
 Gr: Музыка -> Музыка
 GrCh: Музыка
Channel: Мульт и музыка
 Ch: Мульт и музыка -> Мультимузыка
 Gr: Музыка -> Музыка
 GrCh: Музыка
Channel: Мульт и музыка
 Ch: Мульт и музыка -> Мультимузыка
 GrCh: Музыка
Channel: Мультимания
 GrCh: Детские
Channel: Мультимания
 GrCh: Детские
Channel: Мультимания
 GrCh: Детские
Channel: НЛО ТВ
 Gr: Украина -> Украинские
Channel: НЛО ТВ
 Gr: Украина -> Украинские
Channel: НТВ
 Gr: Общие -> Общественные
 GrCh: Общественные
Channel: НТВ
 Gr: Общие -> Общественные
 GrCh: Общественные
Channel: НТВ
 Gr: Общие -> Общественные
 GrCh: Общественные
Channel: НТВ
 Gr: Общие -> Общественные
 GrCh: Общественные
Channel: НТВ
 Gr: Общие -> Общественные
 GrCh: Общественные
Channel: НТВ Мир
 Ch: НТВ МИР -> НТВ Мир
 Gr: Общие -> Общественные
 GrCh: Общественные
Channel: НТВ Мир
 Ch: НТВ МИР -> НТВ Мир
 Gr: Общие -> Общественные
 GrCh: Общественные
Channel: НТВ Мир
 Ch: НТВ МИР -> НТВ Мир
 Gr: Общие -> Общественные
 GrCh: Общественные
Channel: НТВ Сериал
 GrCh: Фильмы
Channel: НТВ Сериал
 GrCh: Фильмы
Channel: Настоящее страшное ТВ
 GrCh: Фильмы
Channel: Настоящее страшное ТВ
 GrCh: Фильмы
Channel: Настоящее страшное ТВ
 GrCh: Фильмы
Channel: Настоящее страшное ТВ
 GrCh: Фильмы
Channel: Настоящее страшное ТВ
 GrCh: Фильмы
Channel: Наука
 GrCh: Познавательные
Channel: Наука
 GrCh: Познавательные
Channel: Наука
 GrCh: Познавательные
Channel: Наука
 GrCh: Познавательные
Channel: Наука
 GrCh: Познавательные
Channel: Наш кинороман
 Ch: Наш Кинороман -> Наш кинороман
 GrCh: Фильмы
Channel: Наш кинороман
 Ch: Наш Кинороман -> Наш кинороман
 GrCh: Фильмы
Channel: Наш кинороман
 Ch: Наш Кинороман -> Наш кинороман
 GrCh: Фильмы
Channel: Наше новое кино
 Ch: Наше Новое Кино -> Наше новое кино
 GrCh: Фильмы
Channel: Наше новое кино
 Ch: Наше Новое Кино -> Наше новое кино
 GrCh: Фильмы
Channel: Новый канал
 Gr: Украина -> Украинские
 GrCh: Общественные
Channel: Новый канал
 Gr: Украина -> Украинские
 GrCh: Общественные
Channel: Новый канал
 Gr: Украина -> Украинские
 GrCh: Общественные
Channel: Новый канал
 Gr: Украина -> Украинские
 GrCh: Общественные
Channel: Новый канал
 Gr: Украина -> Украинские
 GrCh: Общественные
Channel: Ностальгия
 Gr: Общие -> Общественные
 GrCh: Общественные
Channel: Ностальгия
 Gr: Общие -> Общественные
 GrCh: Общественные
Channel: Ностальгия
 Gr: Общие -> Общественные
 GrCh: Общественные
Channel: О!
 GrCh: Детские
Channel: О!
 GrCh: Детские
Channel: О!
 GrCh: Детские
Channel: ОТР
 Gr: Общие -> Общественные
 GrCh: Общественные
Channel: ОТР
 Gr: Общие -> Общественные
 GrCh: Общественные
Channel: ОТР
 Gr: Общие -> Общественные
 GrCh: Общественные
Channel: ОТР
 Gr: Общие -> Общественные
 GrCh: Общественные
Channel: ОЦЕ
 Gr: Украина -> Украинские
Channel: ОЦЕ
 Gr: Украина -> Украинские
Channel: ОЦЕ
 Gr: Украина -> Украинские
Channel: Оружие
 GrCh: Мужские
Channel: Оружие
 GrCh: Мужские
Channel: Оружие
 GrCh: Мужские
Channel: Остросюжетное HD
 Ch: ОСТРОСЮЖЕТНОЕ HD -> Остросюжетное HD
Channel: Остросюжетное HD
 Ch: ОСТРОСЮЖЕТНОЕ HD -> Остросюжетное HD
Channel: Остросюжетное HD
 Ch: ОСТРОСЮЖЕТНОЕ HD -> Остросюжетное HD
Channel: Охота и рыбалка
 Ch: Охота и Рыбалка -> Охота и рыбалка
 GrCh: Мужские
Channel: Охота и рыбалка
 Ch: Охота и Рыбалка -> Охота и рыбалка
 GrCh: Мужские
Channel: Охота и рыбалка
 Ch: Охота и Рыбалка -> Охота и рыбалка
 GrCh: Мужские
Channel: Охота и рыбалка
 Ch: Охота и Рыбалка -> Охота и рыбалка
 GrCh: Мужские
Channel: Охотник и рыболов
 Ch: Охотник и Рыболов -> Охотник и рыболов
 GrCh: Мужские
Channel: Охотник и рыболов
 Ch: Охотник и Рыболов -> Охотник и рыболов
 GrCh: Мужские
Channel: Охотник и рыболов
 Ch: Охотник и Рыболов -> Охотник и рыболов
 GrCh: Мужские
Channel: Пiксель
 Gr: Украина -> Украинские
Channel: Пiксель
 Gr: Украина -> Украинские
Channel: Первый канал
 Gr: Общие -> Общественные
 GrCh: Общественные
Channel: Первый канал
 Gr: Общие -> Общественные
 GrCh: Общественные
Channel: Первый канал
 Gr: Общие -> Общественные
 GrCh: Общественные
Channel: Первый канал
 Gr: Общие -> Общественные
 GrCh: Общественные
Channel: ПлюсПлюс
 Ch: Плюсплюс -> ПлюсПлюс
 Gr: Украина -> Украинские
 GrCh: Детские
Channel: ПлюсПлюс
 Ch: Плюсплюс -> ПлюсПлюс
 Gr: Украина -> Украинские
 GrCh: Детские
Channel: ПлюсПлюс
 Ch: Плюсплюс -> ПлюсПлюс
 Gr: Украина -> Украинские
 GrCh: Детские
Channel: Пятница!
 GrCh: Развлекательные
Channel: Пятница!
 GrCh: Развлекательные
Channel: Пятница!
 GrCh: Развлекательные
Channel: Пятый канал
 Ch: Пятый Канал -> Пятый канал
 Gr: Общие -> Общественные
 GrCh: Общественные
Channel: Пятый канал
 Ch: Пятый Канал -> Пятый канал
 Gr: Общие -> Общественные
 GrCh: Общественные
Channel: Пятый канал
 Ch: Пятый Канал -> Пятый канал
 Gr: Общие -> Общественные
 GrCh: Общественные
Channel: Пятый канал
 Ch: Пятый Канал -> Пятый канал
 Gr: Общие -> Общественные
 GrCh: Общественные
Channel: РТР Планета
 Gr: Общие -> Общественные
 GrCh: Общественные
Channel: РТР Планета
 Gr: Общие -> Общественные
 GrCh: Общественные
Channel: РТР Планета
 Gr: Общие -> Общественные
 GrCh: Общественные
Channel: РТР Планета
 Gr: Общие -> Общественные
 GrCh: Общественные
Channel: Радость моя
 Ch: Радость Моя -> Радость моя
 GrCh: Детские
Channel: Радость моя
 Ch: Радость Моя -> Радость моя
 GrCh: Детские
Channel: Радость моя
 Ch: Радость Моя -> Радость моя
 GrCh: Детские
Channel: Рен ТВ
 Ch: Рен ТВ -> РЕН ТВ
 Gr: Общие -> Общественные
 GrCh: Общественные
Channel: Рен ТВ
 Ch: Рен ТВ -> РЕН ТВ
 Gr: Общие -> Общественные
 GrCh: Общественные
Channel: Рен ТВ
 Ch: Рен ТВ -> РЕН ТВ
 Gr: Общие -> Общественные
 GrCh: Общественные
Channel: Рен ТВ
 Ch: Рен ТВ -> РЕН ТВ
 Gr: Общие -> Общественные
 GrCh: Общественные
Channel: Родное кино
 Ch: РОДНОЕ КИНО -> Родное кино
 GrCh: Фильмы
Channel: Родное кино
 Ch: РОДНОЕ КИНО -> Родное кино
 GrCh: Фильмы
Channel: Россия 1
 Gr: Общие -> Общественные
 GrCh: Общественные
Channel: Россия 1
 Gr: Общие -> Общественные
 GrCh: Общественные
Channel: Россия 1
 Gr: Общие -> Общественные
 GrCh: Общественные
Channel: Россия 1
 Gr: Общие -> Общественные
 GrCh: Общественные
Channel: Россия К
 Ch: РОССИЯ К -> Россия К
 Gr: Общие -> Общественные
 GrCh: Общественные
Channel: Россия К
 Ch: РОССИЯ К -> Россия К
 Gr: Общие -> Общественные
 GrCh: Общественные
Channel: Русский бестселлер
 Ch: Русский Бестселлер -> Русский бестселлер
 GrCh: Фильмы
Channel: Русский бестселлер
 Ch: Русский Бестселлер -> Русский бестселлер
 GrCh: Фильмы
Channel: Русский бестселлер
 Ch: Русский Бестселлер -> Русский бестселлер
 GrCh: Фильмы
Channel: Русский детектив
 Ch: Русский Детектив -> Русский детектив
 GrCh: Фильмы
Channel: Русский детектив
 Ch: Русский Детектив -> Русский детектив
 GrCh: Фильмы
Channel: Русский детектив
 Ch: Русский Детектив -> Русский детектив
 GrCh: Фильмы
Channel: Русский иллюзион
 Ch: Русский Иллюзион -> Русский иллюзион
 GrCh: Фильмы
Channel: Русский иллюзион
 Ch: Русский Иллюзион -> Русский иллюзион
 GrCh: Фильмы
Channel: Русский иллюзион
 Ch: Русский Иллюзион -> Русский иллюзион
 GrCh: Фильмы
Channel: Русский иллюзион
 Ch: Русский Иллюзион -> Русский иллюзион
 GrCh: Фильмы
Channel: Русский роман
 Ch: Русский Роман -> Русский роман
 GrCh: Фильмы
Channel: Русский роман
 Ch: Русский Роман -> Русский роман
 GrCh: Фильмы
Channel: Русский роман
 Ch: Русский Роман -> Русский роман
 GrCh: Фильмы
Channel: Русский экстрим
 Ch: Русский Экстрим -> Russian Extreme
 GrCh: Спорт
Channel: Русский экстрим
 Ch: Русский Экстрим -> Russian Extreme
 GrCh: Спорт
Channel: Русский экстрим
 Ch: Русский Экстрим -> Russian Extreme
 GrCh: Спорт
Channel: Русский экстрим
 Ch: Русский Экстрим -> Russian Extreme
 GrCh: Спорт
Channel: Рыжий
 GrCh: Детские
Channel: Рыжий
 GrCh: Детские
Channel: Рыжий
 GrCh: Детские
Channel: СТБ
 Gr: Украина -> Украинские
 GrCh: Общественные
Channel: СТБ
 Gr: Украина -> Украинские
 GrCh: Общественные
Channel: СТБ
 Gr: Украина -> Украинские
 GrCh: Общественные
Channel: СТБ
 Gr: Украина -> Украинские
 GrCh: Общественные
Channel: СТБ
 Gr: Украина -> Украинские
 GrCh: Общественные
Channel: СТС
 GrCh: Общественные
Channel: СТС
 GrCh: Общественные
Channel: СТС
 GrCh: Общественные
Channel: СТС Love
 GrCh: Фильмы
Channel: СТС Love
 GrCh: Фильмы
Channel: СТС Love
 GrCh: Фильмы
Channel: СТС Love
 GrCh: Фильмы
Channel: Сарафан ТВ
 Ch: Сарафан ТВ -> Сарафан
 GrCh: Развлекательные
Channel: Сарафан ТВ
 Ch: Сарафан ТВ -> Сарафан
 GrCh: Развлекательные
Channel: Сарафан ТВ
 Ch: Сарафан ТВ -> Сарафан
 GrCh: Развлекательные
Channel: Совершенно секретно
 GrCh: Познавательные
Channel: Совершенно секретно
 GrCh: Познавательные
Channel: Совершенно секретно
 GrCh: Познавательные
Channel: Совершенно секретно
 GrCh: Познавательные
Channel: Совершенно секретно
 GrCh: Познавательные
Channel: Спорт 1
 Ch: Спорт 1 -> Sport 1 (Украина)
 Gr: Украина -> Украинские
 GrCh: Спорт
Channel: Спорт 1
 Ch: Спорт 1 -> Sport 1 (Украина)
 Gr: Украина -> Украинские
 GrCh: Спорт
Channel: Спорт 1
 Ch: Спорт 1 -> Sport 1 (Украина)
 Gr: Украина -> Украинские
 GrCh: Спорт
Channel: Спорт 2
 Ch: Спорт 2 -> Sport 2 (Украина)
 Gr: Украина -> Украинские
 GrCh: Спорт
Channel: Спорт 2
 Ch: Спорт 2 -> Sport 2 (Украина)
 Gr: Украина -> Украинские
 GrCh: Спорт
Channel: Спорт 2
 Ch: Спорт 2 -> Sport 2 (Украина)
 Gr: Украина -> Украинские
 GrCh: Спорт
Channel: Супер
 GrCh: Фильмы
Channel: Супер
 GrCh: Фильмы
Channel: Супер
 GrCh: Фильмы
Channel: ТВ 3
 Ch: ТВ 3 -> ТВ 3
 GrCh: Развлекательные
Channel: ТВЦ
 Gr: Общие -> Общественные
 GrCh: Общественные
Channel: ТВЦ
 Gr: Общие -> Общественные
 GrCh: Общественные
Channel: ТВЦ
 Gr: Общие -> Общественные
 GrCh: Общественные
Channel: ТДК
 Ch: ТДК -> ТДК
 GrCh: Развлекательные
Channel: ТДК
 Ch: ТДК -> ТДК
 GrCh: Развлекательные
Channel: ТДК
 Ch: ТДК -> ТДК
 GrCh: Развлекательные
Channel: ТЕТ
 Gr: Украина -> Украинские
 GrCh: Украинские
Channel: ТЕТ
 Gr: Украина -> Украинские
 GrCh: Украинские
Channel: ТЕТ
 Gr: Украина -> Украинские
 GrCh: Украинские
Channel: ТЕТ
 Gr: Украина -> Украинские
 GrCh: Украинские
Channel: ТНТ
 GrCh: Общественные
Channel: ТНТ
 GrCh: Общественные
Channel: ТНТ
 GrCh: Общественные
Channel: ТНТ Music
 Ch: ТНТ Music -> ТНТ MUSIC
 Gr: Музыка -> Музыка
 GrCh: Музыка
Channel: ТНТ music
 Ch: ТНТ Music -> ТНТ MUSIC
 Gr: Музыка -> Музыка
 GrCh: Музыка
Channel: ТНТ music
 Ch: ТНТ Music -> ТНТ MUSIC
 Gr: Музыка -> Музыка
 GrCh: Музыка
Channel: ТНТ4
 GrCh: Развлекательные
Channel: ТНТ4
 GrCh: Развлекательные
Channel: ТНТ4
 GrCh: Развлекательные
Channel: ТНТ4
 GrCh: Развлекательные
Channel: ТРК Украина
 Ch: ТРК Украина -> Украиiна
 Gr: Украина -> Украинские
Channel: Теленовелла
 GrCh: Фильмы
Channel: Техно 24
 GrCh: Познавательные
Channel: Техно 24
 GrCh: Познавательные
Channel: Техно 24
 GrCh: Познавательные
Channel: Техно 24
 GrCh: Познавательные
Channel: Тлум HD
 Ch: ТЛУМ HD -> Тлум HD
 GrCh: HD каналы
Channel: Тлум HD
 Ch: ТЛУМ HD -> Тлум HD
 GrCh: HD каналы
Channel: Точка ТВ
 GrCh: Познавательные
Channel: Точка ТВ
 GrCh: Познавательные
Channel: Трофей
 Gr: Украина -> Украинские
Channel: Улыбка ребенка
 Ch: Улыбка ребенка -> Улыбка ребёнка
 GrCh: Детские
Channel: Футбол 1
 Ch: Футбол 1 -> Матч! Футбол 1
 Gr: Украина -> Украинские
 GrCh: Спорт
Channel: Футбол 2
 Ch: Футбол 2 -> Матч! Футбол 2
 Gr: Украина -> Украинские
 GrCh: Спорт
Channel: Шансон ТВ
 Ch: Шансон ТВ -> Шансон ТВ
 Gr: Музыка -> Музыка
 GrCh: Музыка
Channel: Шансон ТВ
 Ch: Шансон ТВ -> Шансон ТВ
 Gr: Музыка -> Музыка
 GrCh: Музыка
Channel: Ю
 GrCh: Общественные
Channel: Ю
 GrCh: Общественные
Channel: Ю
 GrCh: Общественные
Channel: Ю
 GrCh: Общественные
Channel: Юмор Box
 Ch: ЮМОР BOX -> Юмор Box
 GrCh: Развлекательные
Channel: Юмор Box
 Ch: ЮМОР BOX -> Юмор Box
 GrCh: Развлекательные
23.01.2020 13:57:52  Processing: YandexTV

Channel: ТВ Центр
 Ch: ТВ Центр -> ТВЦ
 GrCh: Общественные
Channel: Звезда
 Ch: ЗВЕЗДА -> Звезда
 GrCh: Общественные
Channel: РБК
 GrCh: Новостные
Channel: МУЗ-ТВ
 Ch: Муз-ТВ -> Муз ТВ
 GrCh: Музыка
Channel: Ю
 GrCh: Общественные
Channel: Ocean TV
 Ch: Ocean tv -> OCEAN-TV
 GrCh: Познавательные
Channel: Охотник и рыболов HD
 Ch: Охотник и Рыболов HD -> Охотник и рыболов HD
Channel: Старт HD
 GrCh: HD каналы
Channel: Совершенно секретно
 GrCh: Познавательные
Channel: 1HD
 GrCh: HD каналы
Channel: 360 Подмосковье (Москва)
 Ch: 360 Подмосковье (Москва) -> 360° Подмосковье
 GrCh: Новостные
Channel: 360 Новости (Москва)
 Ch: 360 Новости (Москва) -> 360° Новости
 GrCh: Новостные
Channel: TVMChannel
 Ch: tvmchannel -> TVM Channel
 GrCh: Фильмы
Channel: Анекдот ТВ
 GrCh: Развлекательные
Channel: Архыз 24 (Черкесск)
 Ch: Архыз 24 (Черкесск) -> Архыз 24
 GrCh: Региональные
Channel: Астрахань 24
 GrCh: Региональные
Channel: Большая Азия HD
 GrCh: HD каналы
Channel: Брянская губерния
 GrCh: Региональные
Channel: БСТ
 GrCh: Общественные
Channel: Грозный
 Ch: Грозный -> Грозный ТВ
 GrCh: Региональные
Channel: Дождь HD
 GrCh: HD каналы
Channel: ДОН 24
 GrCh: Региональные
Channel: Евроновости
 GrCh: Новостные
Channel: ЕГЭ ТВ
 GrCh: Образовательные
Channel: Жар Птица
 Ch: Жар Птица -> Жар птица
 GrCh: Музыка
Channel: Калейдоскоп ТВ
 GrCh: Развлекательные
Channel: Классика кино HD
 GrCh: HD каналы
Channel: Крик ТВ
 Ch: Крик ТВ -> КРИК-ТВ
 GrCh: Новостные
Channel: Кубань 24 Орбита (Краснодар)
 Ch: Кубань 24 Орбита (Краснодар) -> Кубань 24 Орбита
 GrCh: Региональные
Channel: МИР24
 Ch: МИР24 -> Мир 24
 GrCh: Новостные
Channel: Мир Сериала
 Ch: Мир Сериала -> Мир сериала
 GrCh: Фильмы
Channel: Москва 24
 GrCh: Общественные
Channel: Надежда
 GrCh: Религиозные
Channel: Неизвестная планета HD
 GrCh: HD каналы
Channel: Ника ТВ
 GrCh: Общественные
Channel: О2ТВ HD
 GrCh: HD каналы
Channel: ОТС
 Ch: ОТС -> ОТС
 GrCh: Региональные
Channel: Продвижение
 GrCh: Развлекательные
Channel: Радость моя
 Ch: Радость Моя -> Радость моя
 GrCh: Детские
Channel: РазТВ
 Ch: РазТВ -> Раз ТВ
 GrCh: Развлекательные
Channel: Санкт-Петербург
 GrCh: Общественные
Channel: Первый Вегетарианский
 Ch: Первый Вегетарианский -> Первый вегетарианский
 GrCh: Познавательные
Channel: СОЮЗ
 GrCh: Религиозные
Channel: Тномер
 Ch: ТНОМЕР -> Тномер
 GrCh: Познавательные
Channel: Точка ТВ
 GrCh: Познавательные
Channel: Успех
 GrCh: Познавательные
Channel: Эхо ТВ
 Ch: Эхо ТВ -> Эхо TV
 GrCh: Общественные
Channel: ACB TV
 GrCh: Региональные
Channel: Deutsche Welle
 GrCh: Новостные
Channel: Fashion TV
 GrCh: Развлекательные
Channel: France 24
 GrCh: Новостные
Channel: FreshTV
 GrCh: Музыка
Channel: HD Media
 Ch: HD MEDIA -> HD Media
 GrCh: HD каналы
Channel: PRO Business
 GrCh: Познавательные
Channel: Russia Today HD
 GrCh: HD каналы
Channel: RTД
 GrCh: Информационные
Channel: RTG HD
 GrCh: HD каналы
Channel: Russian Music Box
 Ch: Russian Music Box -> RUSSIAN MUSICBOX
 GrCh: Музыка
Channel: TDK
 Ch: TDK -> ТДК
 GrCh: Развлекательные
Channel: World Fashion Channel HD
 GrCh: HD каналы
Channel: Нано
 GrCh: Познавательные
Channel: Вместе-РФ
 GrCh: Информационные
Channel: Europa Plus TV
 Ch: EUROPA PLUS TV -> Europa Plus TV
 GrCh: Музыка
Channel: 8 канал
 GrCh: Общественные
Channel: Пёс и Ко
 GrCh: Познавательные
Channel: ОТР
 GrCh: Общественные
Channel: Первый Крымский
 GrCh: Региональные
Channel: МИР Premium
 GrCh: Фильмы
Channel: МИР
 Ch: МИР -> Мир
 GrCh: Общественные
Channel: ТНТ Music
 Ch: ТНТ Music -> ТНТ MUSIC
 GrCh: Музыка
Channel: Русский Экстрим
 Ch: Русский Экстрим -> Russian Extreme
 GrCh: Спорт
Channel: Univer TV HD
 GrCh: HD каналы
Channel: Страна FM
 GrCh: Развлекательные
Channel: Наше ТВ
 Ch: НАШЕ ТВ -> Наше ТВ
 GrCh: Музыка
Channel: Просвещение
 GrCh: Познавательные
Channel: НТС
 Ch: НТС -> НТС (Севастополь)
Channel: О%2C Кино!
 Ch: О%2C кино! -> О!Кино
 GrCh: Фильмы
23.01.2020 13:57:54  Processing: Zabava

Channel: Доктор
 GrCh: Познавательные
Channel: Техно 24
 GrCh: Познавательные
Channel: 360° Подмосковье
 Ch: 360° Подмосковье -> 360°
 Gr: Общие -> Общественные
 GrCh: Развлекательные
Channel: 360° Подмосковье HD
 Ch: 360° Подмосковье HD -> 360° HD
 GrCh: HD каналы
Channel: 8 канал (Россия)
 Ch: 8 Канал (Россия) -> 8 Канал
 Gr: Общие -> Общественные
 GrCh: Общественные
Channel: ТНТ MUSIC
 Ch: ТНТ Music -> ТНТ MUSIC
 Gr: Музыка -> Музыка
 GrCh: Музыка
Channel: A1
 Ch: a1 -> A1
 GrCh: Фильмы
Channel: A1 HD
 Ch: a1 HD -> A1 HD
 GrCh: HD каналы
Channel: A2
 Ch: a2 -> A2
 GrCh: Фильмы
Channel: A2 HD
 GrCh: HD каналы
Channel: Amedia Hit
 Ch: AMEDIA HIT -> Amedia Hit
 GrCh: Фильмы
Channel: Amedia Hit HD
 Ch: AMEDIA HIT HD -> Amedia Hit HD
 GrCh: HD каналы
Channel: Amedia Premium
 GrCh: Фильмы
Channel: Amedia Premium HD
 Ch: Amedia premium HD -> Amedia Premium HD
 GrCh: HD каналы
Channel: Animal Planet
 Ch: ANIMAL PLANET -> Animal Planet
 GrCh: Познавательные
Channel: Animal Planet HD
 GrCh: HD каналы
Channel: BBC World News
 GrCh: Новостные
Channel: Baby TV
 GrCh: Детские
Channel: Boomerang
 GrCh: Детские
Channel: Brazzers TV Europe
 Gr: Для взрослых -> Эротика
 GrCh: Эротика
Channel: Bridge TV
 Ch: Bridge TV -> BRIDGE TV
 Gr: Музыка -> Музыка
 GrCh: Музыка
Channel: Cartoon Network
 Ch: CARTOON NETWORK -> Cartoon Network
 GrCh: Детские
Channel: DTX
 GrCh: Познавательные
Channel: DTX HD
 Ch: DTX HD -> DTX HD
 GrCh: HD каналы
Channel: Da Vinci learning
 Ch: Da Vinci learning -> Da Vinci Learning
 GrCh: Познавательные
Channel: Deutsche Welle
 GrCh: Новостные
Channel: Discovery Channel
 Ch: Discovery channel -> Discovery Channel
 GrCh: Познавательные
Channel: Discovery Channel HD
 GrCh: HD каналы
Channel: Discovery Science
 GrCh: Познавательные
Channel: Discovery Science HD
 GrCh: HD каналы
Channel: Euronews
 Ch: EuroNews -> Euronews
 GrCh: Новостные
Channel: Europa Plus TV
 Ch: EUROPA PLUS TV -> Europa Plus TV
 Gr: Музыка -> Музыка
 GrCh: Музыка
Channel: Eurosport 1
 GrCh: Спорт
Channel: Eurosport 1 HD
 GrCh: HD каналы
Channel: Eurosport Gold
 GrCh: Спорт
Channel: Extreme Sports
 Ch: Extreme sports -> Extreme Sports
 GrCh: Спорт
Channel: FOX
 Ch: Fox -> FOX
 GrCh: Фильмы
Channel: FOX HD
 Ch: Fox HD -> FOX HD
 GrCh: HD каналы
Channel: Food Network
 GrCh: Познавательные
Channel: Food Network HD
 GrCh: HD каналы
Channel: Fox Life
 Ch: Fox life -> FOX Life
 GrCh: Фильмы
Channel: Fox Life HD
 Ch: Fox Life HD -> FOX Life HD
 GrCh: HD каналы
Channel: France 24
 GrCh: Новостные
Channel: Gulli
 GrCh: Детские
Channel: History
 Ch: HISTORY -> History
 GrCh: Познавательные
Channel: History HD
 Ch: History HD -> History HD
 GrCh: HD каналы
Channel: ID Xtra
 Ch: ID xtra -> ID Investigation Discovery
 GrCh: Познавательные
Channel: JimJam
 Ch: JIMJAM -> JimJam
 GrCh: Детские
Channel: MCM TOP
 Ch: MCM TOP -> MCM Top
 Gr: Музыка -> Музыка
 GrCh: Музыка
Channel: MTV Dance
 Ch: MTV DANCE -> MTV Dance
 Gr: Музыка -> Музыка
 GrCh: Музыка
Channel: MTV Hits
 Ch: MTV HITS -> MTV Hits
 Gr: Музыка -> Музыка
 GrCh: Музыка
Channel: MTV Live HD
 Ch: MTV LIVE HD -> MTV Live HD
 GrCh: HD каналы
Channel: MTV Rocks
 Ch: MTV ROCKS -> MTV Rocks
 Gr: Музыка -> Музыка
 GrCh: Музыка
Channel: MTV Russia
 Gr: Музыка -> Музыка
 GrCh: Музыка
Channel: Mezzo
 Gr: Музыка -> Музыка
 GrCh: Музыка
Channel: Mezzo Live HD
 GrCh: HD каналы
Channel: Music Box
 Ch: Music BOX -> MUSICBOX
 Gr: Музыка -> Музыка
 GrCh: Музыка
Channel: Music Box RU
 Ch: Music Box Ru -> RUSSIAN MUSICBOX
 Gr: Музыка -> Музыка
 GrCh: Музыка
Channel: NHK World TV
 Ch: NHK World TV -> NHK World Japan
 GrCh: Познавательные
Channel: Nat Geo Wild
 Ch: Nat Geo Wild -> Nat Geo Wild
 GrCh: Познавательные
Channel: Nat Geo Wild HD
 Ch: NAT GEO WILD HD -> Nat Geo Wild HD
 GrCh: HD каналы
Channel: National Geographic
 Ch: National geographic -> National Geographic
 GrCh: Познавательные
Channel: National Geographic HD
 GrCh: HD каналы
Channel: Nautical Channel
 Ch: Nautical channel -> Морской
 GrCh: Познавательные
Channel: Nick Jr.
 Ch: Nick Jr. -> Nick Jr.
 GrCh: Детские
Channel: Nickelodeon
 Ch: nickelodeon -> Nickelodeon
 GrCh: Детские
Channel: Nickelodeon HD
 Ch: nickelodeon HD -> Nickelodeon HD
 GrCh: HD каналы
Channel: O la la
 Ch: O LA LA -> O-la-la
 Gr: Для взрослых -> Эротика
 GrCh: Эротика
Channel: Paramount Channel
 GrCh: Фильмы
Channel: Paramount Channel HD
 GrCh: HD каналы
Channel: Paramount Comedy
 Ch: Paramount comedy -> Paramount Comedy
 GrCh: Фильмы
Channel: Paramount Comedy HD
 GrCh: HD каналы
Channel: RU TV
 Ch: Ru TV -> RU TV
 Gr: Музыка -> Музыка
 GrCh: Музыка
Channel: Bridge TV Русский хит
 Ch: Bridge TV Русский хит -> BRIDGE TV РУССКИЙ ХИТ
 Gr: Музыка -> Музыка
 GrCh: Музыка
Channel: Russia Today
 Ch: RUSSIA TODAY -> Russia Today
 GrCh: Информационные
Channel: Russia Today HD
 GrCh: HD каналы
Channel: SET
 Ch: SET -> Sony Channel
 GrCh: Фильмы
Channel: Shop24
 Ch: Shop24 -> Shop 24
 GrCh: Магазин
Channel: Shopping Live
 GrCh: Магазин
Channel: Sony Sci Fi
 Ch: Sony Sci Fi -> Sony Sci-Fi
 GrCh: Фильмы
Channel: Sony Turbo
 Ch: sony turbo -> Sony Turbo
 GrCh: Фильмы
Channel: TLC
 GrCh: Познавательные
Channel: TLC HD
 GrCh: HD каналы
Channel: TV XXI
 GrCh: Фильмы
Channel: TV1000
 GrCh: Фильмы
Channel: TV1000 Action
 GrCh: Фильмы
Channel: ViP Comedy HD
 GrCh: HD каналы
Channel: ViP Megahit HD
 GrCh: HD каналы
Channel: ViP Premiere HD
 GrCh: HD каналы
Channel: TV1000 Русское кино
 GrCh: Фильмы
Channel: TiJi
 Ch: TiJi -> Tiji
 GrCh: Детские
Channel: Travel+ Adventure HD
 Ch: Travel+ adventure HD -> Travel+ Adventure HD
 GrCh: HD каналы
Channel: VH1 Classic
 Ch: VH1 CLASSIC -> VH1 Classic
 Gr: Музыка -> Музыка
 GrCh: Музыка
Channel: VH1 European
 Gr: Музыка -> Музыка
 GrCh: Музыка
Channel: Viasat Explore
 GrCh: Познавательные
Channel: Viasat History
 GrCh: Познавательные
Channel: Viasat Nature
 Ch: Viasat nature -> Viasat Nature
 GrCh: Познавательные
Channel: Viasat Nature HD
 GrCh: HD каналы
Channel: Viasat Nature/History HD
 GrCh: HD каналы
Channel: Viasat Sport
 GrCh: Спорт
Channel: Viasat Sport HD
 GrCh: HD каналы
Channel: Zooпарк
 Ch: Зоопарк -> Zooпарк
 GrCh: Познавательные
Channel: myZen.tv HD
 GrCh: HD каналы
Channel: Авто плюс
 Ch: Авто Плюс -> Авто плюс
 GrCh: Мужские
Channel: Беларусь 24
 Ch: БЕЛАРУСЬ 24 -> Беларусь 24
 GrCh: Общественные
Channel: Вместе РФ
 Ch: Вместе РФ -> Вместе-РФ
 Gr: Общие -> Общественные
 GrCh: Информационные
Channel: Детский мир
 GrCh: Детские
Channel: Дом кино
 Ch: Дом Кино -> Дом кино
 GrCh: Фильмы
Channel: Дом кино премиум HD
 Ch: Дом Кино Премиум HD -> Дом кино премиум HD
Channel: Домашний
 Gr: Общие -> Общественные
 GrCh: Общественные
Channel: Драйв
 GrCh: Мужские
Channel: Еврокино
 GrCh: Фильмы
Channel: Звезда
 Ch: ЗВЕЗДА -> Звезда
 Gr: Общие -> Общественные
 GrCh: Общественные
Channel: Здоровое ТВ
 GrCh: Познавательные
Channel: Иллюзион+
 GrCh: Фильмы
Channel: История
 GrCh: Познавательные
Channel: КХЛ
 Ch: КХЛ -> КХЛ
 GrCh: Спорт
Channel: КХЛ HD
 GrCh: HD каналы
Channel: Карусель
 GrCh: Детские
Channel: Кино ТВ
 Ch: Кино ТВ -> КИНО ТВ
 GrCh: Фильмы
Channel: Кино ТВ HD
 Ch: Кино ТВ HD -> КИНО ТВ HD
 GrCh: HD каналы
Channel: Комедия ТВ
 Ch: Комедия ТВ -> Кинокомедия
 GrCh: Фильмы
Channel: Комедия
 GrCh: Фильмы
Channel: Ля минор
 Ch: Ля Минор -> Ля минор
 Gr: Музыка -> Музыка
 GrCh: Музыка
Channel: Мама
 Ch: МАМА -> Мама
 GrCh: Детские
Channel: Матч!
 Ch: Матч! -> Матч ТВ
 GrCh: Спорт
Channel: Матч! Боец
 Ch: МАТЧ! БОЕЦ -> Матч! Боец
 GrCh: Спорт
Channel: Матч! Страна
 GrCh: Спорт
Channel: Матч! Футбол 1 HD
 Ch: МАТЧ! Футбол 1 HD -> Матч! Футбол 1 HD
 GrCh: HD каналы
Channel: Матч! Футбол 2 HD
 Ch: МАТЧ! Футбол 2 HD -> Матч! Футбол 2 HD
 GrCh: HD каналы
Channel: Матч! Футбол 3 HD
 Ch: МАТЧ! Футбол 3 HD -> Матч! Футбол 3 HD
 GrCh: HD каналы
Channel: Мир
 Ch: МИР -> Мир
 Gr: Общие -> Общественные
 GrCh: Общественные
Channel: Мир 24
 Ch: МИР 24 -> Мир 24
 GrCh: Новостные
Channel: Моя планета
 Ch: Моя Планета -> Моя планета
 GrCh: Познавательные
Channel: Муз ТВ
 Ch: Муз TV -> Муз ТВ
 Gr: Музыка -> Музыка
 GrCh: Музыка
Channel: Мульт
 Ch: Мульт -> МУЛЬТ
 GrCh: Детские
Channel: НТВ
 Gr: Общие -> Общественные
 GrCh: Общественные
Channel: НТВ+ Кино плюс
 Ch: НТВ+ Кино Плюс -> Киномикс
 GrCh: Фильмы
Channel: Мужское кино
 Ch: Мужское Кино -> Мужское кино
 GrCh: Фильмы
Channel: НТВ+ Наше кино
 Ch: НТВ+ Наше кино -> Родное кино
 GrCh: Фильмы
Channel: НТВ+ Наше новое кино
 Ch: НТВ+ Наше новое кино -> Наше новое кино
 GrCh: Фильмы
Channel: Настоящее страшное ТВ
 GrCh: Фильмы
Channel: Наука
 GrCh: Познавательные
Channel: Матч премьер HD
 Ch: МАТЧ ПРЕМЬЕР HD -> Матч Премьер HD
 GrCh: HD каналы
Channel: Ностальгия
 Gr: Общие -> Общественные
 GrCh: Общественные
Channel: ОТР
 Gr: Общие -> Общественные
 GrCh: Общественные
Channel: Оружие
 GrCh: Мужские
Channel: Охота и рыбалка
 Ch: Охота и Рыбалка -> Охота и рыбалка
 GrCh: Мужские
Channel: Парк развлечений
 Ch: Парк развлечений -> Cinema
 GrCh: Фильмы
Channel: Первый канал HD
 Gr: Общие -> Общественные
 GrCh: HD каналы
Channel: Первый канал
 Gr: Общие -> Общественные
 GrCh: Общественные
Channel: Первый образовательный
 Ch: первый образовательный -> Первый образовательный
 GrCh: Познавательные
Channel: Че
 GrCh: Развлекательные
Channel: Просвещение
 GrCh: Познавательные
Channel: Пятница!
 GrCh: Развлекательные
Channel: Пятый канал
 Ch: Пятый Канал -> Пятый канал
 Gr: Общие -> Общественные
 GrCh: Общественные
Channel: РБК
 GrCh: Новостные
Channel: Радость Моя
 Ch: Радость Моя -> Радость моя
 GrCh: Детские
Channel: Рен ТВ
 Ch: Рен ТВ -> РЕН ТВ
 Gr: Общие -> Общественные
 GrCh: Общественные
Channel: Ретро
 Ch: Ретро -> Ретро ТВ
 Gr: ОБщие -> Общественные
 GrCh: Общественные
Channel: Россия 1
 Gr: Общие -> Общественные
 GrCh: Общественные
Channel: Россия 24
 Ch: РОССИЯ 24 -> Россия 24
 GrCh: Новостные
Channel: Россия 1 HD
 GrCh: HD каналы
Channel: Россия К
 Ch: РОССИЯ К -> Россия К
 Gr: Общие -> Общественные
 GrCh: Общественные
Channel: Русская ночь
 Gr: Для взрослых -> Эротика
 GrCh: Эротика
Channel: Русский бестселлер
 Ch: Русский Бестселлер -> Русский бестселлер
 GrCh: Фильмы
Channel: Русский детектив
 Ch: Русский Детектив -> Русский детектив
 GrCh: Фильмы
Channel: Русский иллюзион
 Ch: Русский Иллюзион -> Русский иллюзион
 GrCh: Фильмы
Channel: Русский роман
 Ch: Русский Роман -> Русский роман
 GrCh: Фильмы
Channel: Русский экстрим
 Ch: Русский Экстрим -> Russian Extreme
 GrCh: Спорт
Channel: СТС
 GrCh: Общественные
Channel: СТС Love
 GrCh: Фильмы
Channel: Сарафан
 Ch: Сарафан -> Сарафан
 GrCh: Развлекательные
Channel: Союз
 GrCh: Религиозные
Channel: Спас
 Ch: Спас -> СПАС
 GrCh: Религиозные
Channel: Матч! Арена HD
 Ch: МАТЧ! АРЕНА HD -> Матч! Арена HD
 GrCh: HD каналы
Channel: Мультимузыка
 GrCh: Музыка
Channel: ТВ 3
 Ch: ТВ 3 -> ТВ 3
 GrCh: Развлекательные
Channel: ТВЦ
 Gr: Общие -> Общественные
 GrCh: Общественные
Channel: ТНТ
 GrCh: Общественные
Channel: ТНТ HD
 GrCh: HD каналы
Channel: БелРос
 Gr: Общие -> Общественные
 GrCh: Общественные
Channel: Усадьба
 GrCh: Познавательные
Channel: Феникс+ Кино
 Ch: Феникс+ Кино -> Феникс+ кино
 GrCh: Фильмы
Channel: Футбол
 GrCh: Спорт
Channel: Шансон ТВ
 Ch: Шансон ТВ -> Шансон ТВ
 Gr: Музыка -> Музыка
 GrCh: Музыка
Channel: Ю
 GrCh: Общественные
Channel: Bollywood HD
 GrCh: HD каналы
Channel: iConcerts HD
 Ch: iConcerts HD -> Stingray iConcerts HD
 GrCh: HD каналы
Channel: ID Xtra HD
 Ch: ID Xtra HD -> ID Investigation Discovery HD
 GrCh: HD каналы
Channel: RTG HD
 GrCh: HD каналы
Channel: Russia Today Документальный HD
 Ch: Russia Today Документальный HD -> RTД HD
 GrCh: HD каналы
Channel: SET HD
 Ch: SET HD -> Sony Channel HD
 GrCh: HD каналы
Channel: Авто 24 HD
 Ch: Авто 24 HD -> АВТО24 HD
 GrCh: HD каналы
Channel: Матч! HD
 Ch: Матч! HD -> Матч ТВ HD
 GrCh: HD каналы
Channel: Матч! Игра HD
 Ch: МАТЧ! ИГРА HD -> Матч! Игра HD
 GrCh: HD каналы
Channel: Мир HD
 Ch: Мир HD -> Мир Premium HD
Channel: Охотник и Рыболов HD
 Ch: Охотник и Рыболов HD -> Охотник и рыболов HD
Channel: World Fashion Channel HD
 GrCh: HD каналы
Channel: НТВ HD
 GrCh: HD каналы
Channel: Наше ТВ
 Ch: НАШЕ ТВ -> Наше ТВ
 Gr: Музыка -> Музыка
 GrCh: Музыка
Channel: Ювелирочка
 Gr: Разные -> Разное
 GrCh: Магазин
Channel: Домашний (+2)
 Priority: Общественные
 GrCh: Общественные
Channel: Домашний (+4)
 Priority: Общественные
 GrCh: Общественные
Channel: Домашний (+7)
 Priority: Общественные
 GrCh: Общественные
Channel: Звезда (+2)
 Priority: Общественные
 GrCh: Общественные
Channel: Звезда (+7)
 Priority: Общественные
 GrCh: Общественные
Channel: Карусель (+2)
 Priority: Детские
 GrCh: Детские
Channel: Карусель (+7)
 Priority: Детские
 GrCh: Детские
Channel: МИР (+2)
 Ch: МИР (+2) -> Мир (+2)
 Priority: Общественные
 GrCh: Общественные
Channel: МИР (+7)
 Ch: МИР (+7) -> Мир (+7)
 Priority: Общественные
 GrCh: Общественные
Channel: НТВ (+2)
 Priority: Общественные
 GrCh: Общественные
Channel: НТВ (+7)
 Priority: Общественные
 GrCh: Общественные
Channel: Пятница (+2)
 Ch: Пятница (+2) -> Пятница! (+2)
 Priority: Развлекательные
 GrCh: Развлекательные
Channel: Пятница (+7)
 Ch: Пятница (+7) -> Пятница! (+7)
 Priority: Развлекательные
 GrCh: Развлекательные
Channel: Пятый канал (+2)
 Priority: Общественные
 GrCh: Общественные
Channel: Пятый канал (+7)
 Priority: Общественные
 GrCh: Общественные
Channel: РЕН ТВ (+2)
 Priority: Общественные
 GrCh: Общественные
Channel: РЕН ТВ (+7)
 Ch: Рен ТВ (+7) -> РЕН ТВ (+7)
 Priority: Общественные
 GrCh: Общественные
Channel: Россия 1 (+2)
 Priority: Общественные
 GrCh: Общественные
Channel: Россия 1 (+4)
 Priority: Общественные
 GrCh: Общественные
Channel: Россия 1 (+6)
 Priority: Общественные
 GrCh: Общественные
Channel: Россия К (+2)
 Priority: Общественные
 GrCh: Общественные
Channel: Россия К (+7)
 Priority: Общественные
 GrCh: Общественные
Channel: СТС (+2)
 Priority: Общественные
 GrCh: Общественные
Channel: СТС (+7)
 Priority: Общественные
 GrCh: Общественные
Channel: ТВ 3 (+2)
 Priority: Развлекательные
 GrCh: Развлекательные
Channel: ТВ 3 (+7)
 Priority: Развлекательные
 GrCh: Развлекательные
Channel: ТВ Центр (+2)
 Ch: ТВ Центр (+2) -> ТВЦ (+2)
 Priority: Общественные
 GrCh: Общественные
Channel: ТВЦ (+7)
 Ch: ТВЦ (+7) -> ТВЦ (+7)
 Priority: Общественные
 GrCh: Общественные
Channel: ТНТ (+2)
 Priority: Общественные
 GrCh: Общественные
Channel: ТНТ (+7)
 Priority: Общественные
 GrCh: Общественные
Channel: Ю (+7)
 Priority: Общественные
 GrCh: Общественные
Channel: Viasat History HD
 GrCh: HD каналы
Channel: Тлум HD
 Ch: ТЛУМ HD -> Тлум HD
 GrCh: HD каналы
Channel: КВН ТВ
 GrCh: Развлекательные
Channel: Рен ТВ HD
 Ch: Рен ТВ HD -> РЕН ТВ HD
 Gr: Общие -> Общественные
 GrCh: HD каналы
Channel: Music Box RU HD
 Ch: Music Box RU HD -> RUSSIAN MUSICBOX HD
 Gr: Музыка -> Музыка
 GrCh: HD каналы
Channel: ТНТ4
 GrCh: Развлекательные
Channel: ТНТ4 (+2)
 Priority: Развлекательные
 GrCh: Развлекательные
Channel: ТНТ4 (+4)
 Priority: Развлекательные
 GrCh: Развлекательные
Channel: ТНТ4 (+7)
 Priority: Развлекательные
 GrCh: Развлекательные
Channel: Че (+4)
 Priority: Развлекательные
 GrCh: Развлекательные
Channel: Че (+7)
 Priority: Развлекательные
 GrCh: Развлекательные
Channel: Карусель (+4)
 Priority: Детские
 GrCh: Детские
Channel: Пятница (+4)
 Ch: Пятница (+4) -> Пятница! (+4)
 Priority: Развлекательные
 GrCh: Развлекательные
Channel: Звезда (+4)
 Priority: Общественные
 GrCh: Общественные
Channel: CNN International
 GrCh: Новостные
Channel: Живая Планета
 Ch: Живая Планета -> Живая планета
 GrCh: Познавательные
Channel: Cartoon Network HD
 GrCh: HD каналы
Channel: ТВЦ (+4)
 Ch: ТВЦ (+4) -> ТВЦ (+4)
 Priority: Общественные
 GrCh: Общественные
Channel: ТНТ (+4)
 Priority: Общественные
 GrCh: Общественные
Channel: H2 HD
 GrCh: HD каналы
Channel: ЛДПР ТВ
 Gr: Общие -> Общественные
 GrCh: Общественные
Channel: Анекдот ТВ
 GrCh: Развлекательные
Channel: Шалун HD
 GrCh: Эротика
Channel: О!
 GrCh: Детские
Channel: В гостях у сказки
 GrCh: Фильмы
Channel: SHANT PREMIUM HD
 Ch: Шант Premium HD -> Shant Premium HD
 GrCh: HD каналы
Channel: Eurochannel
 GrCh: Фильмы
Channel: Волга (Н.Новгород)
 Ch: Волга (Н.Новгород) -> Волга (Н. Новгород)
 GrCh: Региональные
Channel: 2x2
 Ch: 2x2 -> 2х2
 GrCh: Развлекательные
Channel: 2x2 (+2)
 Ch: 2x2 (+2) -> 2х2 (+2)
 Priority: Развлекательные
 GrCh: Развлекательные
Channel: 2x2 (+4)
 Ch: 2x2 (+4) -> 2х2 (+4)
 Priority: Развлекательные
 GrCh: Развлекательные
Channel: 2x2 (+7)
 Ch: 2x2 (+7) -> 2х2 (+7)
 Priority: Развлекательные
 GrCh: Развлекательные
Channel: Disney Channel
 GrCh: Детские
Channel: Disney Channel (+4)
 Priority: Детские
 GrCh: Детские
Channel: Disney Channel (+7)
 Priority: Детские
 GrCh: Детские
Channel: Известия HD
 GrCh: HD каналы
Channel: Большая Азия HD
 GrCh: HD каналы
Channel: Babes TV HD
 GrCh: HD каналы
Channel: Красная линия
 Gr: Общие -> Общественные
Channel: СТС Love (+2)
 Priority: Фильмы
 GrCh: Фильмы
Channel: СТС Love (+7)
 Priority: Фильмы
 GrCh: Фильмы
Channel: Любимое кино
 Ch: Любимое кино -> Наше любимое кино
 GrCh: Фильмы
Channel: Дикий
 GrCh: Познавательные
Channel: Загородная жизнь
 GrCh: Познавательные
Channel: Travel Channel HD
 GrCh: HD каналы
Channel: Bridge TV Dance
 Ch: Bridge TV Dance -> BRIDGE TV DANCE
 Gr: Музыка -> Музыка
 GrCh: Музыка
Channel: Bridge TV Classic
 Ch: Bridge TV Classic -> BRIDGE TV CLASSIC
 Gr: Музыка -> Музыка
 GrCh: Музыка
Channel: Bridge TV HD
 Ch: Bridge TV HD -> BRIDGE TV DELUXE HD
 GrCh: HD каналы
Channel: Калейдоскоп ТВ
 GrCh: Развлекательные
Channel: Кинопремьера HD
 Ch: КИНОПРЕМЬЕРА HD -> Кинопремьера HD
 GrCh: HD каналы
Channel: Тномер
 Ch: ТНОМЕР -> Тномер
 GrCh: Познавательные
Channel: Супер
 GrCh: Фильмы
Channel: Супер (+2)
 Priority: Фильмы
 GrCh: Фильмы
Channel: Супер (+4)
 Priority: Фильмы
 GrCh: Фильмы
Channel: Супер (+7)
 Priority: Фильмы
 GrCh: Фильмы
Channel: E
 Ch: E -> E TV
Channel: Ani
 GrCh: Познавательные
Channel: Рыжий
 GrCh: Детские
Channel: О2ТВ
 Ch: O2ТВ -> О2ТВ
 GrCh: Музыка
Channel: Восток ТВ
 Gr: Музыка -> Музыка
 GrCh: Музыка
Channel: Дорама
 GrCh: Фильмы
Channel: Жар птица
 Ch: Жар Птица -> Жар птица
 Gr: Музыка -> Музыка
 GrCh: Музыка
Channel: FAN HD
 Ch: Fan HD -> FAN HD
 GrCh: HD каналы
Channel: О!Кино
 Ch: О!КИНО -> О!Кино
 GrCh: Фильмы
Channel: 360° Новости HD
 GrCh: HD каналы
Channel: Russian Extreme Ultra
 Ch: Russian Extreme Ultra -> Russian Extreme Ultra HD
 GrCh: Ultra HD каналы
Channel: Центральное телевидение
 Gr: Общие -> Общественные
Channel: Кухня ТВ
 GrCh: Познавательные
Channel: Точка ТВ
 GrCh: Познавательные
Channel: 1HD
 GrCh: HD каналы
Channel: Живи!
 Ch: ЖИВИ! -> Живи!
 GrCh: Развлекательные
Channel: Zee TV
 GrCh: Фильмы
Channel: Всё ТВ
 GrCh: Информационные
Channel: M-1 Global
 GrCh: Спорт
Channel: Еда
 Ch: ЕДА -> Еда
 GrCh: Познавательные
Channel: Мир сериала
 Ch: Мир Сериала -> Мир сериала
 GrCh: Фильмы
Channel: TV5 Monde HD
 Ch: TV5 Monde HD -> TV5Monde HD
Channel: Шант News HD
 Ch: Шант News HD -> Shant News HD
 GrCh: Новостные
Channel: Shop&Show
 Ch: Shop&Show -> Shop & Show
 GrCh: Магазин
Channel: AIVA
 Gr: Музыка -> Музыка
Channel: Мультимания
 GrCh: Детские
Channel: Шант Serial HD
 Ch: Шант Serial HD -> Shant Serial HD
Channel: Шант Music HD
 Ch: Шант Music HD -> Shant Music HD
 GrCh: HD каналы
Channel: Время
 GrCh: Общественные
Channel: Телекафе
 GrCh: Познавательные
Channel: Музыка Первого
 Gr: Музыка -> Музыка
 GrCh: Музыка
Channel: Первый российский национальный канал HD
 Gr: Общие -> Общественные
Channel: Шант Premium HD
 Ch: Шант Premium HD -> Shant Premium HD
 GrCh: HD каналы
Channel: Exxxotica HD
 Gr: Для взрослых -> Эротика
Channel: CGTN
 GrCh: Новостные
Channel: CCTV 4
 Ch: CCTV 4 -> CCTV4
 GrCh: Общественные
Channel: Живая природа HD
 GrCh: HD каналы
Channel: Старт HD
 GrCh: HD каналы
Channel: Дума ТВ
 Gr: Общие -> Общественные
23.01.2020 13:57:58  Processing: Россия ТВ

Channel: Россия 1
 Ch local: Россия 1 -> Россия 1 HD
 GrCh: HD каналы
Channel: Россия 24
 Ch: РОССИЯ 24 -> Россия 24
 GrCh: Новостные
Channel: Россия К
 Ch: РОССИЯ К -> Россия К
 GrCh: Общественные
Channel: РТР-Планета
 Ch local: РТР-Планета -> РТР Россия
 GrCh: Общественные
Channel: Москва 24
 GrCh: Общественные
Channel: Вести FM
 GrCh: Новостные
